#
# A fatal error has been detected by the Java Runtime Environment:
#
#  SIGSEGV (0xb) at pc=0x00007fff5cc70e97, pid=1895, tid=116995
#
# JRE version: Java(TM) SE Runtime Environment (9.0+11) (build 9.0.1+11)
# Java VM: Java HotSpot(TM) 64-Bit Server VM (9.0.1+11, mixed mode, tiered, compressed oops, g1 gc, bsd-amd64)
# Problematic frame:
# C  [libobjc.A.dylib+0x6e97]  objc_msgSend+0x17
#
# No core dump will be written. Core dumps have been disabled. To enable core dumping, try "ulimit -c unlimited" before starting Java again
#
# If you would like to submit a bug report, please visit:
#   http://bugreport.java.com/bugreport/crash.jsp
# The crash happened outside the Java Virtual Machine in native code.
# See problematic frame for where to report the bug.
#

---------------  S U M M A R Y ------------

Command Line: -Djava.library.path=/Users/jlarson/Vision/opencv/build/lib -Dfile.encoding=UTF-8 application.ObjRecognition

Host: MacBookPro8,3 x86_64 2400 MHz, 8 cores, 16G, Darwin 17.4.0
Time: Thu May 17 20:39:32 2018 CDT elapsed time: 15 seconds (0d 0h 0m 15s)

---------------  T H R E A D  ---------------

Current thread (0x00007fe085ba9800):  JavaThread "pool-2-thread-1" [_thread_in_native, id=116995, stack(0x00007000078a5000,0x00007000079a5000)]

Stack: [0x00007000078a5000,0x00007000079a5000],  sp=0x00007000079a4408,  free space=1021k
Native frames: (J=compiled Java code, A=aot compiled Java code, j=interpreted, Vv=VM code, C=native code)
C  [libobjc.A.dylib+0x6e97]  objc_msgSend+0x17
C  [libopencv_java341.dylib+0x9e605b]  _ZN12CvCaptureCAM9grabFrameEv+0x5b
C  [libopencv_java341.dylib+0x9d4dee]  _ZN2cv12VideoCapture4grabEv+0x3e
C  [libopencv_java341.dylib+0x9d521a]  _ZN2cv12VideoCapture4readERKNS_12_OutputArrayE+0x2a
C  [libopencv_java341.dylib+0x7e881]  Java_org_opencv_videoio_VideoCapture_read_10+0x31
j  org.opencv.videoio.VideoCapture.read_0(JJ)Z+0
j  org.opencv.videoio.VideoCapture.read(Lorg/opencv/core/Mat;)Z+8
j  application.ObjRecognitionController.calibrateCue()V+23
j  application.ObjRecognitionController.grabFrame()Lorg/opencv/core/Mat;+84
j  application.ObjRecognitionController.access$0(Lapplication/ObjRecognitionController;)Lorg/opencv/core/Mat;+1
j  application.ObjRecognitionController$1.run()V+4
j  java.util.concurrent.Executors$RunnableAdapter.call()Ljava/lang/Object;+4 java.base@9.0.1
j  java.util.concurrent.FutureTask.runAndReset()Z+44 java.base@9.0.1
j  java.util.concurrent.ScheduledThreadPoolExecutor$ScheduledFutureTask.run()V+37 java.base@9.0.1
j  java.util.concurrent.ThreadPoolExecutor.runWorker(Ljava/util/concurrent/ThreadPoolExecutor$Worker;)V+95 java.base@9.0.1
j  java.util.concurrent.ThreadPoolExecutor$Worker.run()V+5 java.base@9.0.1
j  java.lang.Thread.run()V+11 java.base@9.0.1
v  ~StubRoutines::call_stub
V  [libjvm.dylib+0x3a270d]
V  [libjvm.dylib+0x3a1c25]
V  [libjvm.dylib+0x3a1cf2]
V  [libjvm.dylib+0x4184c8]
V  [libjvm.dylib+0x6f7810]
V  [libjvm.dylib+0x5ef563]
C  [libsystem_pthread.dylib+0x36c1]  _pthread_body+0x154
C  [libsystem_pthread.dylib+0x356d]  _pthread_body+0x0
C  [libsystem_pthread.dylib+0x2c5d]  thread_start+0xd
C  0x0000000000000000

Java frames: (J=compiled Java code, j=interpreted, Vv=VM code)
j  org.opencv.videoio.VideoCapture.read_0(JJ)Z+0
j  org.opencv.videoio.VideoCapture.read(Lorg/opencv/core/Mat;)Z+8
j  application.ObjRecognitionController.calibrateCue()V+23
j  application.ObjRecognitionController.grabFrame()Lorg/opencv/core/Mat;+84
j  application.ObjRecognitionController.access$0(Lapplication/ObjRecognitionController;)Lorg/opencv/core/Mat;+1
j  application.ObjRecognitionController$1.run()V+4
j  java.util.concurrent.Executors$RunnableAdapter.call()Ljava/lang/Object;+4 java.base@9.0.1
j  java.util.concurrent.FutureTask.runAndReset()Z+44 java.base@9.0.1
j  java.util.concurrent.ScheduledThreadPoolExecutor$ScheduledFutureTask.run()V+37 java.base@9.0.1
j  java.util.concurrent.ThreadPoolExecutor.runWorker(Ljava/util/concurrent/ThreadPoolExecutor$Worker;)V+95 java.base@9.0.1
j  java.util.concurrent.ThreadPoolExecutor$Worker.run()V+5 java.base@9.0.1
j  java.lang.Thread.run()V+11 java.base@9.0.1
v  ~StubRoutines::call_stub

siginfo: si_signo: 11 (SIGSEGV), si_code: 1 (SEGV_MAPERR), si_addr: 0x0000000000000002

Register to memory mapping:

RAX=0x0000000000000000 is an unknown value
RBX=0x00007fe08425fc10 is an unknown value
RCX=0x0000000000000000 is an unknown value
RDX=0x0000000000000000 is an unknown value
RSP=0x00007000079a4408 is pointing into the stack for thread: 0x00007fe085ba9800
RBP=0x00007000079a4430 is pointing into the stack for thread: 0x00007fe085ba9800
RSI=0x00007fff3412353e: .str.41.llvm.371263A9+0x417c8 in /System/Library/Frameworks/AppKit.framework/Versions/C/AppKit at 0x00007fff3344c000
RDI=0x0000000000000002 is an unknown value
R8 =0x0000000000000000 is an unknown value
R9 =0x00007fe07e6e6ec8 is an unknown value
R10=0x00007ffffffffff8 is an unknown value
R11=0x00007fe07e6e6ecc is an unknown value
R12=0x0000000000000010 is an unknown value
R13={method} {0x0000000132b7a4f0} 'read_0' '(JJ)Z' in 'org/opencv/videoio/VideoCapture'
R14=0x0000000000000000 is an unknown value
R15=0x0000000000000008 is an unknown value


Registers:
RAX=0x0000000000000000, RBX=0x00007fe08425fc10, RCX=0x0000000000000000, RDX=0x0000000000000000
RSP=0x00007000079a4408, RBP=0x00007000079a4430, RSI=0x00007fff3412353e, RDI=0x0000000000000002
R8 =0x0000000000000000, R9 =0x00007fe07e6e6ec8, R10=0x00007ffffffffff8, R11=0x00007fe07e6e6ecc
R12=0x0000000000000010, R13=0x0000000132b7a4f0, R14=0x0000000000000000, R15=0x0000000000000008
RIP=0x00007fff5cc70e97, EFLAGS=0x0000000000010246, ERR=0x0000000000000004
  TRAPNO=0x000000000000000e

Top of Stack: (sp=0x00007000079a4408)
0x00007000079a4408:   0000000133719ae3 00007fff5cc70e80
0x00007000079a4418:   0000000000000000 00007fe07e676aa0
0x00007000079a4428:   00007fe07e6cc8c0 00007000079a4460
0x00007000079a4438:   000000013371905b 00000001367ea510
0x00007000079a4448:   00007fe07e5518b0 00007000079a44d0
0x00007000079a4458:   00007fe085ba9800 00007000079a4490
0x00007000079a4468:   0000000133707dee 0000000000000000
0x00007000079a4478:   0000000000000000 0000700000000000
0x00007000079a4488:   00007fe07e5518b0 00007000079a44c0
0x00007000079a4498:   000000013370821a 0000000000000000
0x00007000079a44a8:   00007fff00000000 00007fe085ba9a18
0x00007000079a44b8:   00007000079a45b0 00007000079a4500
0x00007000079a44c8:   0000000132db1881 00007fff02010000
0x00007000079a44d8:   00007fe07e4ecaa0 0000000000000000
0x00007000079a44e8:   0000000132db1267 0000000132b7a4f0
0x00007000079a44f8:   00007000079a45b0 00007000079a4578
0x00007000079a4508:   0000000111659d35 0000000000000001
0x00007000079a4518:   0000000000000000 d0a3c7c298c7c298
0x00007000079a4528:   000000011165a2ff 00007000079a4530
0x00007000079a4538:   0000000000000000 00007000079a45b0
0x00007000079a4548:   0000000132b7a8e0 0000000000000000
0x00007000079a4558:   00000006c0863b20 0000000132b7a4f0
0x00007000079a4568:   0000000000000000 00007000079a4598
0x00007000079a4578:   00007000079a4600 000000011164bc10
0x00007000079a4588:   00000006c0863b20 0000000111656ce0
0x00007000079a4598:   00007fe07e4ecaa0 0000000000000000
0x00007000079a45a8:   00007fe07e5518b0 0000000000000000
0x00007000079a45b8:   00007000079a45b8 0000000132b799c8
0x00007000079a45c8:   00007000079a4620 0000000132b7a8e0
0x00007000079a45d8:   0000000000000000 00000006c0863b20
0x00007000079a45e8:   0000000132b79a00 00007000079a4598
0x00007000079a45f8:   00007000079a4618 00007000079a4670 

Instructions: (pc=0x00007fff5cc70e97)
0x00007fff5cc70e77:   84 00 00 00 00 00 0f 1f 00 48 85 ff 2e 74 62 40
0x00007fff5cc70e87:   f6 c7 01 2e 75 66 49 ba f8 ff ff ff ff 7f 00 00
0x00007fff5cc70e97:   4c 23 17 49 89 f3 45 23 5a 18 49 c1 e3 04 4d 03
0x00007fff5cc70ea7:   5a 10 49 3b 33 75 04 41 ff 63 08 49 83 3b 01 76 


---------------  P R O C E S S  ---------------

Java Threads: ( => current thread )
  0x00007fe086106000 JavaThread "DestroyJavaVM" [_thread_blocked, id=6147, stack(0x0000700004b8f000,0x0000700004c8f000)]
=>0x00007fe085ba9800 JavaThread "pool-2-thread-1" [_thread_in_native, id=116995, stack(0x00007000078a5000,0x00007000079a5000)]
  0x00007fe08505f000 JavaThread "Java2D Queue Flusher" daemon [_thread_blocked, id=97035, stack(0x00007000077a2000,0x00007000078a2000)]
  0x00007fe07ee89000 JavaThread "Prism Font Disposer" daemon [_thread_blocked, id=91447, stack(0x000070000761c000,0x000070000771c000)]
  0x00007fe07eace000 JavaThread "Java2D Disposer" daemon [_thread_blocked, id=128003, stack(0x0000700007519000,0x0000700007619000)]
  0x00007fe07e97b800 JavaThread "Thread-2" daemon [_thread_in_native, id=48387, stack(0x0000700007187000,0x0000700007207000)]
  0x00007fe07e956000 JavaThread "InvokeLaterDispatcher" daemon [_thread_blocked, id=29187, stack(0x0000700006df5000,0x0000700006ef5000)]
  0x00007fe07f001800 JavaThread "Service Thread" daemon [_thread_blocked, id=40195, stack(0x0000700006aec000,0x0000700006bec000)]
  0x00007fe07f82f800 JavaThread "Common-Cleaner" daemon [_thread_blocked, id=26115, stack(0x00007000069e9000,0x0000700006ae9000)]
  0x00007fe08080e000 JavaThread "Sweeper thread" daemon [_thread_blocked, id=40707, stack(0x00007000068e6000,0x00007000069e6000)]
  0x00007fe07f80c800 JavaThread "C1 CompilerThread3" daemon [_thread_blocked, id=25347, stack(0x00007000067e3000,0x00007000068e3000)]
  0x00007fe081003800 JavaThread "C2 CompilerThread2" daemon [_thread_blocked, id=25091, stack(0x00007000066e0000,0x00007000067e0000)]
  0x00007fe07f80c000 JavaThread "C2 CompilerThread1" daemon [_thread_blocked, id=24579, stack(0x00007000065dd000,0x00007000066dd000)]
  0x00007fe07f80b000 JavaThread "C2 CompilerThread0" daemon [_thread_blocked, id=24067, stack(0x00007000064da000,0x00007000065da000)]
  0x00007fe080802800 JavaThread "Signal Dispatcher" daemon [_thread_blocked, id=41483, stack(0x00007000063d7000,0x00007000064d7000)]
  0x00007fe07f0fc800 JavaThread "Finalizer" daemon [_thread_blocked, id=22531, stack(0x00007000062d4000,0x00007000063d4000)]
  0x00007fe07f0c9000 JavaThread "Reference Handler" daemon [_thread_blocked, id=22019, stack(0x00007000061d1000,0x00007000062d1000)]

Other Threads:
  0x00007fe07f0c8000 VMThread "VM Thread" [stack: 0x00007000060ce000,0x00007000061ce000] [id=15363]
  0x00007fe07f113000 WatcherThread [stack: 0x0000700006bef000,0x0000700006cef000] [id=39683]
  0x00007fe07f011000 GCTaskThread "GC Thread#0" [stack: 0x0000700004c92000,0x0000700004d92000] [id=10755]
  0x00007fe07e804000 GCTaskThread "GC Thread#1" [stack: 0x0000700004d95000,0x0000700004e95000] [id=21251]
  0x00007fe07e811800 GCTaskThread "GC Thread#2" [stack: 0x0000700004e98000,0x0000700004f98000] [id=20995]
  0x00007fe07e812000 GCTaskThread "GC Thread#3" [stack: 0x0000700004f9b000,0x000070000509b000] [id=20739]
  0x00007fe07e812800 GCTaskThread "GC Thread#4" [stack: 0x000070000509e000,0x000070000519e000] [id=11779]
  0x00007fe07e813800 GCTaskThread "GC Thread#5" [stack: 0x00007000051a1000,0x00007000052a1000] [id=20483]
  0x00007fe07e814000 GCTaskThread "GC Thread#6" [stack: 0x00007000052a4000,0x00007000053a4000] [id=20227]
  0x00007fe07e814800 GCTaskThread "GC Thread#7" [stack: 0x00007000053a7000,0x00007000054a7000] [id=19715]
  0x00007fe07e842800 ConcurrentGCThread "G1 Main Marker" [stack: 0x0000700005dc5000,0x0000700005ec5000] [id=14339]
  0x00007fe07e843000 ConcurrentGCThread "G1 Marker#0" [stack: 0x0000700005ec8000,0x0000700005fc8000] [id=14851]
  0x00007fe07f011800 ConcurrentGCThread "G1 Marker#1" [stack: 0x0000700005fcb000,0x00007000060cb000] [id=15619]
  0x00007fe07e81d000 ConcurrentGCThread "G1 Refine#0" [stack: 0x0000700005bbf000,0x0000700005cbf000] [id=13827]
  0x00007fe07e81c800 ConcurrentGCThread "G1 Refine#1" [stack: 0x0000700005abc000,0x0000700005bbc000] [id=17411]
  0x00007fe07e81b800 ConcurrentGCThread "G1 Refine#2" [stack: 0x00007000059b9000,0x0000700005ab9000] [id=17923]
  0x00007fe07e81b000 ConcurrentGCThread "G1 Refine#3" [stack: 0x00007000058b6000,0x00007000059b6000] [id=13315]
  0x00007fe07e81a000 ConcurrentGCThread "G1 Refine#4" [stack: 0x00007000057b3000,0x00007000058b3000] [id=18435]
  0x00007fe07e819800 ConcurrentGCThread "G1 Refine#5" [stack: 0x00007000056b0000,0x00007000057b0000] [id=18947]
  0x00007fe07e816000 ConcurrentGCThread "G1 Refine#6" [stack: 0x00007000055ad000,0x00007000056ad000] [id=13059]
  0x00007fe07e815000 ConcurrentGCThread "G1 Refine#7" [stack: 0x00007000054aa000,0x00007000055aa000] [id=12547]
  0x00007fe07e81e000 ConcurrentGCThread "G1 Young RemSet Sampling" [stack: 0x0000700005cc2000,0x0000700005dc2000] [id=16643]

Threads with active compile tasks:

VM state:not at safepoint (normal execution)

VM Mutex/Monitor currently owned by a thread: None

Heap address: 0x00000006c0000000, size: 4096 MB, Compressed Oops mode: Zero based, Oop shift amount: 3
Narrow klass base: 0x0000000000000000, Narrow klass shift: 3
Compressed class space size: 1073741824 Address: 0x00000007c0000000

Heap:
 garbage-first heap   total 262144K, used 73205K [0x00000006c0000000, 0x00000006c0100800, 0x00000007c0000000)
  region size 1024K, 4 young (4096K), 1 survivors (1024K)
 Metaspace       used 23379K, capacity 25164K, committed 25216K, reserved 1071104K
  class space    used 2831K, capacity 3163K, committed 3200K, reserved 1048576K
Heap Regions: E=young(eden), S=young(survivor), O=old, HS=humongous(starts), HC=humongous(continues), CS=collection set, F=free, A=archive, TS=gc time stamp, AC=allocation context, TAMS=top-at-mark-start (previous, next)
|   0|0x00000006c0000000, 0x00000006c0100000, 0x00000006c0100000|100%|HS|  |TS  0|AC  0|TAMS 0x00000006c0100000, 0x00000006c0100000|
|   1|0x00000006c0100000, 0x00000006c0200000, 0x00000006c0200000|100%|HC|  |TS  0|AC  0|TAMS 0x00000006c0200000, 0x00000006c0200000|
|   2|0x00000006c0200000, 0x00000006c0300000, 0x00000006c0300000|100%|HC|  |TS  0|AC  0|TAMS 0x00000006c0300000, 0x00000006c0300000|
|   3|0x00000006c0300000, 0x00000006c0400000, 0x00000006c0400000|100%|HS|  |TS  0|AC  0|TAMS 0x00000006c0400000, 0x00000006c0400000|
|   4|0x00000006c0400000, 0x00000006c0500000, 0x00000006c0500000|100%|HC|  |TS  0|AC  0|TAMS 0x00000006c0500000, 0x00000006c0500000|
|   5|0x00000006c0500000, 0x00000006c0600000, 0x00000006c0600000|100%| O|  |TS  0|AC  0|TAMS 0x00000006c0600000, 0x00000006c0600000|
|   6|0x00000006c0600000, 0x00000006c0700000, 0x00000006c0700000|100%| O|  |TS  0|AC  0|TAMS 0x00000006c0700000, 0x00000006c0700000|
|   7|0x00000006c0700000, 0x00000006c0800000, 0x00000006c0800000|100%| O|  |TS  0|AC  0|TAMS 0x00000006c0800000, 0x00000006c0800000|
|   8|0x00000006c0800000, 0x00000006c0900000, 0x00000006c0900000|100%| O|  |TS  0|AC  0|TAMS 0x00000006c0900000, 0x00000006c0900000|
|   9|0x00000006c0900000, 0x00000006c0a00000, 0x00000006c0a00000|100%|HS|  |TS  0|AC  0|TAMS 0x00000006c0a00000, 0x00000006c0a00000|
|  10|0x00000006c0a00000, 0x00000006c0b00000, 0x00000006c0b00000|100%|HS|  |TS  0|AC  0|TAMS 0x00000006c0b00000, 0x00000006c0b00000|
|  11|0x00000006c0b00000, 0x00000006c0c00000, 0x00000006c0c00000|100%|HC|  |TS  0|AC  0|TAMS 0x00000006c0c00000, 0x00000006c0c00000|
|  12|0x00000006c0c00000, 0x00000006c0d00000, 0x00000006c0d00000|100%|HC|  |TS  0|AC  0|TAMS 0x00000006c0d00000, 0x00000006c0d00000|
|  13|0x00000006c0d00000, 0x00000006c0e00000, 0x00000006c0e00000|100%|HC|  |TS  0|AC  0|TAMS 0x00000006c0e00000, 0x00000006c0e00000|
|  14|0x00000006c0e00000, 0x00000006c0e00000, 0x00000006c0f00000|  0%| F|  |TS  0|AC  0|TAMS 0x00000006c0e00000, 0x00000006c0e00000|
|  15|0x00000006c0f00000, 0x00000006c1000000, 0x00000006c1000000|100%|HS|  |TS  0|AC  0|TAMS 0x00000006c1000000, 0x00000006c1000000|
|  16|0x00000006c1000000, 0x00000006c1100000, 0x00000006c1100000|100%|HC|  |TS  0|AC  0|TAMS 0x00000006c1100000, 0x00000006c1100000|
|  17|0x00000006c1100000, 0x00000006c1200000, 0x00000006c1200000|100%|HC|  |TS  0|AC  0|TAMS 0x00000006c1200000, 0x00000006c1200000|
|  18|0x00000006c1200000, 0x00000006c1300000, 0x00000006c1300000|100%|HC|  |TS  0|AC  0|TAMS 0x00000006c1300000, 0x00000006c1300000|
|  19|0x00000006c1300000, 0x00000006c1300000, 0x00000006c1400000|  0%| F|  |TS  0|AC  0|TAMS 0x00000006c1300000, 0x00000006c1300000|
|  20|0x00000006c1400000, 0x00000006c1500000, 0x00000006c1500000|100%|HS|  |TS  0|AC  0|TAMS 0x00000006c1500000, 0x00000006c1500000|
|  21|0x00000006c1500000, 0x00000006c1600000, 0x00000006c1600000|100%|HS|  |TS  0|AC  0|TAMS 0x00000006c1500000, 0x00000006c1500000|
|  22|0x00000006c1600000, 0x00000006c1700000, 0x00000006c1700000|100%|HC|  |TS  0|AC  0|TAMS 0x00000006c1600000, 0x00000006c1600000|
|  23|0x00000006c1700000, 0x00000006c1800000, 0x00000006c1800000|100%|HC|  |TS  0|AC  0|TAMS 0x00000006c1700000, 0x00000006c1700000|
|  24|0x00000006c1800000, 0x00000006c1900000, 0x00000006c1900000|100%|HC|  |TS  0|AC  0|TAMS 0x00000006c1800000, 0x00000006c1800000|
|  25|0x00000006c1900000, 0x00000006c1a00000, 0x00000006c1a00000|100%|HS|  |TS  0|AC  0|TAMS 0x00000006c1900000, 0x00000006c1900000|
|  26|0x00000006c1a00000, 0x00000006c1b00000, 0x00000006c1b00000|100%|HC|  |TS  0|AC  0|TAMS 0x00000006c1a00000, 0x00000006c1a00000|
|  27|0x00000006c1b00000, 0x00000006c1c00000, 0x00000006c1c00000|100%|HC|  |TS  0|AC  0|TAMS 0x00000006c1b00000, 0x00000006c1b00000|
|  28|0x00000006c1c00000, 0x00000006c1d00000, 0x00000006c1d00000|100%|HC|  |TS  0|AC  0|TAMS 0x00000006c1c00000, 0x00000006c1c00000|
|  29|0x00000006c1d00000, 0x00000006c1d00000, 0x00000006c1e00000|  0%| F|  |TS  0|AC  0|TAMS 0x00000006c1d00000, 0x00000006c1d00000|
|  30|0x00000006c1e00000, 0x00000006c1f00000, 0x00000006c1f00000|100%|HS|  |TS  0|AC  0|TAMS 0x00000006c1f00000, 0x00000006c1f00000|
|  31|0x00000006c1f00000, 0x00000006c2000000, 0x00000006c2000000|100%|HC|  |TS  0|AC  0|TAMS 0x00000006c2000000, 0x00000006c2000000|
|  32|0x00000006c2000000, 0x00000006c2100000, 0x00000006c2100000|100%|HC|  |TS  0|AC  0|TAMS 0x00000006c2100000, 0x00000006c2100000|
|  33|0x00000006c2100000, 0x00000006c2200000, 0x00000006c2200000|100%|HC|  |TS  0|AC  0|TAMS 0x00000006c2200000, 0x00000006c2200000|
|  34|0x00000006c2200000, 0x00000006c2300000, 0x00000006c2300000|100%|HS|  |TS  0|AC  0|TAMS 0x00000006c2300000, 0x00000006c2300000|
|  35|0x00000006c2300000, 0x00000006c2300000, 0x00000006c2400000|  0%| F|  |TS  0|AC  0|TAMS 0x00000006c2300000, 0x00000006c2300000|
|  36|0x00000006c2400000, 0x00000006c2400000, 0x00000006c2500000|  0%| F|  |TS  0|AC  0|TAMS 0x00000006c2400000, 0x00000006c2400000|
|  37|0x00000006c2500000, 0x00000006c2500000, 0x00000006c2600000|  0%| F|  |TS  0|AC  0|TAMS 0x00000006c2500000, 0x00000006c2500000|
|  38|0x00000006c2600000, 0x00000006c2600000, 0x00000006c2700000|  0%| F|  |TS  0|AC  0|TAMS 0x00000006c2600000, 0x00000006c2600000|
|  39|0x00000006c2700000, 0x00000006c2700000, 0x00000006c2800000|  0%| F|  |TS  0|AC  0|TAMS 0x00000006c2700000, 0x00000006c2700000|
|  40|0x00000006c2800000, 0x00000006c2900000, 0x00000006c2900000|100%|HS|  |TS  0|AC  0|TAMS 0x00000006c2900000, 0x00000006c2900000|
|  41|0x00000006c2900000, 0x00000006c2a00000, 0x00000006c2a00000|100%|HC|  |TS  0|AC  0|TAMS 0x00000006c2a00000, 0x00000006c2a00000|
|  42|0x00000006c2a00000, 0x00000006c2b00000, 0x00000006c2b00000|100%|HC|  |TS  0|AC  0|TAMS 0x00000006c2b00000, 0x00000006c2b00000|
|  43|0x00000006c2b00000, 0x00000006c2c00000, 0x00000006c2c00000|100%|HC|  |TS  0|AC  0|TAMS 0x00000006c2c00000, 0x00000006c2c00000|
|  44|0x00000006c2c00000, 0x00000006c2d00000, 0x00000006c2d00000|100%|HS|  |TS  0|AC  0|TAMS 0x00000006c2d00000, 0x00000006c2d00000|
|  45|0x00000006c2d00000, 0x00000006c2e00000, 0x00000006c2e00000|100%|HC|  |TS  0|AC  0|TAMS 0x00000006c2e00000, 0x00000006c2e00000|
|  46|0x00000006c2e00000, 0x00000006c2f00000, 0x00000006c2f00000|100%|HC|  |TS  0|AC  0|TAMS 0x00000006c2f00000, 0x00000006c2f00000|
|  47|0x00000006c2f00000, 0x00000006c3000000, 0x00000006c3000000|100%|HS|  |TS  0|AC  0|TAMS 0x00000006c3000000, 0x00000006c3000000|
|  48|0x00000006c3000000, 0x00000006c3100000, 0x00000006c3100000|100%|HC|  |TS  0|AC  0|TAMS 0x00000006c3100000, 0x00000006c3100000|
|  49|0x00000006c3100000, 0x00000006c3200000, 0x00000006c3200000|100%|HC|  |TS  0|AC  0|TAMS 0x00000006c3200000, 0x00000006c3200000|
|  50|0x00000006c3200000, 0x00000006c3300000, 0x00000006c3300000|100%|HC|  |TS  0|AC  0|TAMS 0x00000006c3300000, 0x00000006c3300000|
|  51|0x00000006c3300000, 0x00000006c3400000, 0x00000006c3400000|100%|HS|  |TS  0|AC  0|TAMS 0x00000006c3400000, 0x00000006c3400000|
|  52|0x00000006c3400000, 0x00000006c3500000, 0x00000006c3500000|100%|HC|  |TS  0|AC  0|TAMS 0x00000006c3500000, 0x00000006c3500000|
|  53|0x00000006c3500000, 0x00000006c3600000, 0x00000006c3600000|100%|HC|  |TS  0|AC  0|TAMS 0x00000006c3600000, 0x00000006c3600000|
|  54|0x00000006c3600000, 0x00000006c3700000, 0x00000006c3700000|100%|HC|  |TS  0|AC  0|TAMS 0x00000006c3700000, 0x00000006c3700000|
|  55|0x00000006c3700000, 0x00000006c3800000, 0x00000006c3800000|100%|HS|  |TS  0|AC  0|TAMS 0x00000006c3800000, 0x00000006c3800000|
|  56|0x00000006c3800000, 0x00000006c3800000, 0x00000006c3900000|  0%| F|  |TS  0|AC  0|TAMS 0x00000006c3800000, 0x00000006c3800000|
|  57|0x00000006c3900000, 0x00000006c3900000, 0x00000006c3a00000|  0%| F|  |TS  0|AC  0|TAMS 0x00000006c3900000, 0x00000006c3900000|
|  58|0x00000006c3a00000, 0x00000006c3a00000, 0x00000006c3b00000|  0%| F|  |TS  0|AC  0|TAMS 0x00000006c3a00000, 0x00000006c3a00000|
|  59|0x00000006c3b00000, 0x00000006c3b00000, 0x00000006c3c00000|  0%| F|  |TS  0|AC  0|TAMS 0x00000006c3b00000, 0x00000006c3b00000|
|  60|0x00000006c3c00000, 0x00000006c3d00000, 0x00000006c3d00000|100%|HS|  |TS  0|AC  0|TAMS 0x00000006c3d00000, 0x00000006c3d00000|
|  61|0x00000006c3d00000, 0x00000006c3e00000, 0x00000006c3e00000|100%|HC|  |TS  0|AC  0|TAMS 0x00000006c3e00000, 0x00000006c3e00000|
|  62|0x00000006c3e00000, 0x00000006c3f00000, 0x00000006c3f00000|100%|HC|  |TS  0|AC  0|TAMS 0x00000006c3f00000, 0x00000006c3f00000|
|  63|0x00000006c3f00000, 0x00000006c4000000, 0x00000006c4000000|100%|HC|  |TS  0|AC  0|TAMS 0x00000006c4000000, 0x00000006c4000000|
|  64|0x00000006c4000000, 0x00000006c4100000, 0x00000006c4100000|100%|HS|  |TS  0|AC  0|TAMS 0x00000006c4100000, 0x00000006c4100000|
|  65|0x00000006c4100000, 0x00000006c4200000, 0x00000006c4200000|100%|HC|  |TS  0|AC  0|TAMS 0x00000006c4200000, 0x00000006c4200000|
|  66|0x00000006c4200000, 0x00000006c4300000, 0x00000006c4300000|100%|HC|  |TS  0|AC  0|TAMS 0x00000006c4300000, 0x00000006c4300000|
|  67|0x00000006c4300000, 0x00000006c4400000, 0x00000006c4400000|100%|HC|  |TS  0|AC  0|TAMS 0x00000006c4400000, 0x00000006c4400000|
|  68|0x00000006c4400000, 0x00000006c4400000, 0x00000006c4500000|  0%| F|  |TS  0|AC  0|TAMS 0x00000006c4400000, 0x00000006c4400000|
|  69|0x00000006c4500000, 0x00000006c4500000, 0x00000006c4600000|  0%| F|  |TS  0|AC  0|TAMS 0x00000006c4500000, 0x00000006c4500000|
|  70|0x00000006c4600000, 0x00000006c4600000, 0x00000006c4700000|  0%| F|  |TS  0|AC  0|TAMS 0x00000006c4600000, 0x00000006c4600000|
|  71|0x00000006c4700000, 0x00000006c4700000, 0x00000006c4800000|  0%| F|  |TS  0|AC  0|TAMS 0x00000006c4700000, 0x00000006c4700000|
|  72|0x00000006c4800000, 0x00000006c4800000, 0x00000006c4900000|  0%| F|  |TS  0|AC  0|TAMS 0x00000006c4800000, 0x00000006c4800000|
|  73|0x00000006c4900000, 0x00000006c4900000, 0x00000006c4a00000|  0%| F|  |TS  0|AC  0|TAMS 0x00000006c4900000, 0x00000006c4900000|
|  74|0x00000006c4a00000, 0x00000006c4a00000, 0x00000006c4b00000|  0%| F|  |TS  0|AC  0|TAMS 0x00000006c4a00000, 0x00000006c4a00000|
|  75|0x00000006c4b00000, 0x00000006c4b00000, 0x00000006c4c00000|  0%| F|  |TS  0|AC  0|TAMS 0x00000006c4b00000, 0x00000006c4b00000|
|  76|0x00000006c4c00000, 0x00000006c4c00000, 0x00000006c4d00000|  0%| F|  |TS  0|AC  0|TAMS 0x00000006c4c00000, 0x00000006c4c00000|
|  77|0x00000006c4d00000, 0x00000006c4d00000, 0x00000006c4e00000|  0%| F|  |TS  0|AC  0|TAMS 0x00000006c4d00000, 0x00000006c4d00000|
|  78|0x00000006c4e00000, 0x00000006c4f00000, 0x00000006c4f00000|100%|HS|  |TS  0|AC  0|TAMS 0x00000006c4f00000, 0x00000006c4f00000|
|  79|0x00000006c4f00000, 0x00000006c5000000, 0x00000006c5000000|100%|HC|  |TS  0|AC  0|TAMS 0x00000006c5000000, 0x00000006c5000000|
|  80|0x00000006c5000000, 0x00000006c5100000, 0x00000006c5100000|100%|HC|  |TS  0|AC  0|TAMS 0x00000006c5100000, 0x00000006c5100000|
|  81|0x00000006c5100000, 0x00000006c5200000, 0x00000006c5200000|100%|HC|  |TS  0|AC  0|TAMS 0x00000006c5200000, 0x00000006c5200000|
|  82|0x00000006c5200000, 0x00000006c5300000, 0x00000006c5300000|100%|HS|  |TS  0|AC  0|TAMS 0x00000006c5300000, 0x00000006c5300000|
|  83|0x00000006c5300000, 0x00000006c5400000, 0x00000006c5400000|100%|HC|  |TS  0|AC  0|TAMS 0x00000006c5400000, 0x00000006c5400000|
|  84|0x00000006c5400000, 0x00000006c5500000, 0x00000006c5500000|100%|HC|  |TS  0|AC  0|TAMS 0x00000006c5500000, 0x00000006c5500000|
|  85|0x00000006c5500000, 0x00000006c5600000, 0x00000006c5600000|100%|HC|  |TS  0|AC  0|TAMS 0x00000006c5600000, 0x00000006c5600000|
|  86|0x00000006c5600000, 0x00000006c5600000, 0x00000006c5700000|  0%| F|  |TS  0|AC  0|TAMS 0x00000006c5600000, 0x00000006c5600000|
|  87|0x00000006c5700000, 0x00000006c5700000, 0x00000006c5800000|  0%| F|  |TS  0|AC  0|TAMS 0x00000006c5700000, 0x00000006c5700000|
|  88|0x00000006c5800000, 0x00000006c5800000, 0x00000006c5900000|  0%| F|  |TS  0|AC  0|TAMS 0x00000006c5800000, 0x00000006c5800000|
|  89|0x00000006c5900000, 0x00000006c5900000, 0x00000006c5a00000|  0%| F|  |TS  0|AC  0|TAMS 0x00000006c5900000, 0x00000006c5900000|
|  90|0x00000006c5a00000, 0x00000006c5a00000, 0x00000006c5b00000|  0%| F|  |TS  0|AC  0|TAMS 0x00000006c5a00000, 0x00000006c5a00000|
|  91|0x00000006c5b00000, 0x00000006c5b00000, 0x00000006c5c00000|  0%| F|  |TS  0|AC  0|TAMS 0x00000006c5b00000, 0x00000006c5b00000|
|  92|0x00000006c5c00000, 0x00000006c5c00000, 0x00000006c5d00000|  0%| F|  |TS  0|AC  0|TAMS 0x00000006c5c00000, 0x00000006c5c00000|
|  93|0x00000006c5d00000, 0x00000006c5d00000, 0x00000006c5e00000|  0%| F|  |TS  0|AC  0|TAMS 0x00000006c5d00000, 0x00000006c5d00000|
|  94|0x00000006c5e00000, 0x00000006c5e00000, 0x00000006c5f00000|  0%| F|  |TS  0|AC  0|TAMS 0x00000006c5e00000, 0x00000006c5e00000|
|  95|0x00000006c5f00000, 0x00000006c5f00000, 0x00000006c6000000|  0%| F|  |TS  0|AC  0|TAMS 0x00000006c5f00000, 0x00000006c5f00000|
|  96|0x00000006c6000000, 0x00000006c6000000, 0x00000006c6100000|  0%| F|  |TS  0|AC  0|TAMS 0x00000006c6000000, 0x00000006c6000000|
|  97|0x00000006c6100000, 0x00000006c6100000, 0x00000006c6200000|  0%| F|  |TS  0|AC  0|TAMS 0x00000006c6100000, 0x00000006c6100000|
|  98|0x00000006c6200000, 0x00000006c6300000, 0x00000006c6300000|100%|HS|  |TS  0|AC  0|TAMS 0x00000006c6300000, 0x00000006c6300000|
|  99|0x00000006c6300000, 0x00000006c6400000, 0x00000006c6400000|100%|HC|  |TS  0|AC  0|TAMS 0x00000006c6400000, 0x00000006c6400000|
| 100|0x00000006c6400000, 0x00000006c6500000, 0x00000006c6500000|100%|HC|  |TS  0|AC  0|TAMS 0x00000006c6500000, 0x00000006c6500000|
| 101|0x00000006c6500000, 0x00000006c6500000, 0x00000006c6600000|  0%| F|  |TS  0|AC  0|TAMS 0x00000006c6500000, 0x00000006c6500000|
| 102|0x00000006c6600000, 0x00000006c6600000, 0x00000006c6700000|  0%| F|  |TS  0|AC  0|TAMS 0x00000006c6600000, 0x00000006c6600000|
| 103|0x00000006c6700000, 0x00000006c6700000, 0x00000006c6800000|  0%| F|  |TS  0|AC  0|TAMS 0x00000006c6700000, 0x00000006c6700000|
| 104|0x00000006c6800000, 0x00000006c6800000, 0x00000006c6900000|  0%| F|  |TS  0|AC  0|TAMS 0x00000006c6800000, 0x00000006c6800000|
| 105|0x00000006c6900000, 0x00000006c6900000, 0x00000006c6a00000|  0%| F|  |TS  0|AC  0|TAMS 0x00000006c6900000, 0x00000006c6900000|
| 106|0x00000006c6a00000, 0x00000006c6a00000, 0x00000006c6b00000|  0%| F|  |TS  0|AC  0|TAMS 0x00000006c6a00000, 0x00000006c6a00000|
| 107|0x00000006c6b00000, 0x00000006c6b00000, 0x00000006c6c00000|  0%| F|  |TS  0|AC  0|TAMS 0x00000006c6b00000, 0x00000006c6b00000|
| 108|0x00000006c6c00000, 0x00000006c6c00000, 0x00000006c6d00000|  0%| F|  |TS  0|AC  0|TAMS 0x00000006c6c00000, 0x00000006c6c00000|
| 109|0x00000006c6d00000, 0x00000006c6d00000, 0x00000006c6e00000|  0%| F|  |TS  0|AC  0|TAMS 0x00000006c6d00000, 0x00000006c6d00000|
| 110|0x00000006c6e00000, 0x00000006c6e00000, 0x00000006c6f00000|  0%| F|  |TS  0|AC  0|TAMS 0x00000006c6e00000, 0x00000006c6e00000|
| 111|0x00000006c6f00000, 0x00000006c6f00000, 0x00000006c7000000|  0%| F|  |TS  0|AC  0|TAMS 0x00000006c6f00000, 0x00000006c6f00000|
| 112|0x00000006c7000000, 0x00000006c7000000, 0x00000006c7100000|  0%| F|  |TS  0|AC  0|TAMS 0x00000006c7000000, 0x00000006c7000000|
| 113|0x00000006c7100000, 0x00000006c7200000, 0x00000006c7200000|100%| O|  |TS  0|AC  0|TAMS 0x00000006c7200000, 0x00000006c7200000|
| 114|0x00000006c7200000, 0x00000006c7300000, 0x00000006c7300000|100%| O|  |TS  0|AC  0|TAMS 0x00000006c7300000, 0x00000006c7300000|
| 115|0x00000006c7300000, 0x00000006c7377c00, 0x00000006c7400000| 46%| O|  |TS  0|AC  0|TAMS 0x00000006c7377c00, 0x00000006c7377c00|
| 116|0x00000006c7400000, 0x00000006c7400000, 0x00000006c7500000|  0%| F|  |TS  0|AC  0|TAMS 0x00000006c7400000, 0x00000006c7400000|
| 117|0x00000006c7500000, 0x00000006c7500000, 0x00000006c7600000|  0%| F|  |TS  0|AC  0|TAMS 0x00000006c7500000, 0x00000006c7500000|
| 118|0x00000006c7600000, 0x00000006c7600000, 0x00000006c7700000|  0%| F|  |TS  0|AC  0|TAMS 0x00000006c7600000, 0x00000006c7600000|
| 119|0x00000006c7700000, 0x00000006c7700000, 0x00000006c7800000|  0%| F|  |TS  0|AC  0|TAMS 0x00000006c7700000, 0x00000006c7700000|
| 120|0x00000006c7800000, 0x00000006c7800000, 0x00000006c7900000|  0%| F|  |TS  0|AC  0|TAMS 0x00000006c7800000, 0x00000006c7800000|
| 121|0x00000006c7900000, 0x00000006c7900000, 0x00000006c7a00000|  0%| F|  |TS  0|AC  0|TAMS 0x00000006c7900000, 0x00000006c7900000|
| 122|0x00000006c7a00000, 0x00000006c7a00000, 0x00000006c7b00000|  0%| F|  |TS  0|AC  0|TAMS 0x00000006c7a00000, 0x00000006c7a00000|
| 123|0x00000006c7b00000, 0x00000006c7b00000, 0x00000006c7c00000|  0%| F|  |TS  0|AC  0|TAMS 0x00000006c7b00000, 0x00000006c7b00000|
| 124|0x00000006c7c00000, 0x00000006c7c00000, 0x00000006c7d00000|  0%| F|  |TS  0|AC  0|TAMS 0x00000006c7c00000, 0x00000006c7c00000|
| 125|0x00000006c7d00000, 0x00000006c7d00000, 0x00000006c7e00000|  0%| F|  |TS  0|AC  0|TAMS 0x00000006c7d00000, 0x00000006c7d00000|
| 126|0x00000006c7e00000, 0x00000006c7e00000, 0x00000006c7f00000|  0%| F|  |TS  0|AC  0|TAMS 0x00000006c7e00000, 0x00000006c7e00000|
| 127|0x00000006c7f00000, 0x00000006c7f00000, 0x00000006c8000000|  0%| F|  |TS  0|AC  0|TAMS 0x00000006c7f00000, 0x00000006c7f00000|
| 128|0x00000006c8000000, 0x00000006c8000000, 0x00000006c8100000|  0%| F|  |TS  0|AC  0|TAMS 0x00000006c8000000, 0x00000006c8000000|
| 129|0x00000006c8100000, 0x00000006c8100000, 0x00000006c8200000|  0%| F|  |TS  0|AC  0|TAMS 0x00000006c8100000, 0x00000006c8100000|
| 130|0x00000006c8200000, 0x00000006c8200000, 0x00000006c8300000|  0%| F|  |TS  0|AC  0|TAMS 0x00000006c8200000, 0x00000006c8200000|
| 131|0x00000006c8300000, 0x00000006c8300000, 0x00000006c8400000|  0%| F|  |TS  0|AC  0|TAMS 0x00000006c8300000, 0x00000006c8300000|
| 132|0x00000006c8400000, 0x00000006c8400000, 0x00000006c8500000|  0%| F|  |TS  0|AC  0|TAMS 0x00000006c8400000, 0x00000006c8400000|
| 133|0x00000006c8500000, 0x00000006c8500000, 0x00000006c8600000|  0%| F|  |TS  0|AC  0|TAMS 0x00000006c8500000, 0x00000006c8500000|
| 134|0x00000006c8600000, 0x00000006c8600000, 0x00000006c8700000|  0%| F|  |TS  0|AC  0|TAMS 0x00000006c8600000, 0x00000006c8600000|
| 135|0x00000006c8700000, 0x00000006c8700000, 0x00000006c8800000|  0%| F|  |TS  0|AC  0|TAMS 0x00000006c8700000, 0x00000006c8700000|
| 136|0x00000006c8800000, 0x00000006c8800000, 0x00000006c8900000|  0%| F|  |TS  0|AC  0|TAMS 0x00000006c8800000, 0x00000006c8800000|
| 137|0x00000006c8900000, 0x00000006c8900000, 0x00000006c8a00000|  0%| F|  |TS  0|AC  0|TAMS 0x00000006c8900000, 0x00000006c8900000|
| 138|0x00000006c8a00000, 0x00000006c8a00000, 0x00000006c8b00000|  0%| F|  |TS  0|AC  0|TAMS 0x00000006c8a00000, 0x00000006c8a00000|
| 139|0x00000006c8b00000, 0x00000006c8b00000, 0x00000006c8c00000|  0%| F|  |TS  0|AC  0|TAMS 0x00000006c8b00000, 0x00000006c8b00000|
| 140|0x00000006c8c00000, 0x00000006c8c00000, 0x00000006c8d00000|  0%| F|  |TS  0|AC  0|TAMS 0x00000006c8c00000, 0x00000006c8c00000|
| 141|0x00000006c8d00000, 0x00000006c8d00000, 0x00000006c8e00000|  0%| F|  |TS  0|AC  0|TAMS 0x00000006c8d00000, 0x00000006c8d00000|
| 142|0x00000006c8e00000, 0x00000006c8e00000, 0x00000006c8f00000|  0%| F|  |TS  0|AC  0|TAMS 0x00000006c8e00000, 0x00000006c8e00000|
| 143|0x00000006c8f00000, 0x00000006c8f00000, 0x00000006c9000000|  0%| F|  |TS  0|AC  0|TAMS 0x00000006c8f00000, 0x00000006c8f00000|
| 144|0x00000006c9000000, 0x00000006c9000000, 0x00000006c9100000|  0%| F|  |TS  0|AC  0|TAMS 0x00000006c9000000, 0x00000006c9000000|
| 145|0x00000006c9100000, 0x00000006c9100000, 0x00000006c9200000|  0%| F|  |TS  0|AC  0|TAMS 0x00000006c9100000, 0x00000006c9100000|
| 146|0x00000006c9200000, 0x00000006c9200000, 0x00000006c9300000|  0%| F|  |TS  0|AC  0|TAMS 0x00000006c9200000, 0x00000006c9200000|
| 147|0x00000006c9300000, 0x00000006c9300000, 0x00000006c9400000|  0%| F|  |TS  0|AC  0|TAMS 0x00000006c9300000, 0x00000006c9300000|
| 148|0x00000006c9400000, 0x00000006c9400000, 0x00000006c9500000|  0%| F|  |TS  0|AC  0|TAMS 0x00000006c9400000, 0x00000006c9400000|
| 149|0x00000006c9500000, 0x00000006c9500000, 0x00000006c9600000|  0%| F|  |TS  0|AC  0|TAMS 0x00000006c9500000, 0x00000006c9500000|
| 150|0x00000006c9600000, 0x00000006c9600000, 0x00000006c9700000|  0%| F|  |TS  0|AC  0|TAMS 0x00000006c9600000, 0x00000006c9600000|
| 151|0x00000006c9700000, 0x00000006c9700000, 0x00000006c9800000|  0%| F|  |TS  0|AC  0|TAMS 0x00000006c9700000, 0x00000006c9700000|
| 152|0x00000006c9800000, 0x00000006c9800000, 0x00000006c9900000|  0%| F|  |TS  0|AC  0|TAMS 0x00000006c9800000, 0x00000006c9800000|
| 153|0x00000006c9900000, 0x00000006c9900000, 0x00000006c9a00000|  0%| F|  |TS  0|AC  0|TAMS 0x00000006c9900000, 0x00000006c9900000|
| 154|0x00000006c9a00000, 0x00000006c9a00000, 0x00000006c9b00000|  0%| F|  |TS  0|AC  0|TAMS 0x00000006c9a00000, 0x00000006c9a00000|
| 155|0x00000006c9b00000, 0x00000006c9b00000, 0x00000006c9c00000|  0%| F|  |TS  0|AC  0|TAMS 0x00000006c9b00000, 0x00000006c9b00000|
| 156|0x00000006c9c00000, 0x00000006c9c00000, 0x00000006c9d00000|  0%| F|  |TS  0|AC  0|TAMS 0x00000006c9c00000, 0x00000006c9c00000|
| 157|0x00000006c9d00000, 0x00000006c9d00000, 0x00000006c9e00000|  0%| F|  |TS  0|AC  0|TAMS 0x00000006c9d00000, 0x00000006c9d00000|
| 158|0x00000006c9e00000, 0x00000006c9e00000, 0x00000006c9f00000|  0%| F|  |TS  0|AC  0|TAMS 0x00000006c9e00000, 0x00000006c9e00000|
| 159|0x00000006c9f00000, 0x00000006c9f00000, 0x00000006ca000000|  0%| F|  |TS  0|AC  0|TAMS 0x00000006c9f00000, 0x00000006c9f00000|
| 160|0x00000006ca000000, 0x00000006ca000000, 0x00000006ca100000|  0%| F|  |TS  0|AC  0|TAMS 0x00000006ca000000, 0x00000006ca000000|
| 161|0x00000006ca100000, 0x00000006ca100000, 0x00000006ca200000|  0%| F|  |TS  0|AC  0|TAMS 0x00000006ca100000, 0x00000006ca100000|
| 162|0x00000006ca200000, 0x00000006ca200000, 0x00000006ca300000|  0%| F|  |TS  0|AC  0|TAMS 0x00000006ca200000, 0x00000006ca200000|
| 163|0x00000006ca300000, 0x00000006ca300000, 0x00000006ca400000|  0%| F|  |TS  0|AC  0|TAMS 0x00000006ca300000, 0x00000006ca300000|
| 164|0x00000006ca400000, 0x00000006ca400000, 0x00000006ca500000|  0%| F|  |TS  0|AC  0|TAMS 0x00000006ca400000, 0x00000006ca400000|
| 165|0x00000006ca500000, 0x00000006ca500000, 0x00000006ca600000|  0%| F|  |TS  0|AC  0|TAMS 0x00000006ca500000, 0x00000006ca500000|
| 166|0x00000006ca600000, 0x00000006ca600000, 0x00000006ca700000|  0%| F|  |TS  0|AC  0|TAMS 0x00000006ca600000, 0x00000006ca600000|
| 167|0x00000006ca700000, 0x00000006ca700000, 0x00000006ca800000|  0%| F|  |TS  0|AC  0|TAMS 0x00000006ca700000, 0x00000006ca700000|
| 168|0x00000006ca800000, 0x00000006ca800000, 0x00000006ca900000|  0%| F|  |TS  0|AC  0|TAMS 0x00000006ca800000, 0x00000006ca800000|
| 169|0x00000006ca900000, 0x00000006ca900000, 0x00000006caa00000|  0%| F|  |TS  0|AC  0|TAMS 0x00000006ca900000, 0x00000006ca900000|
| 170|0x00000006caa00000, 0x00000006caa00000, 0x00000006cab00000|  0%| F|  |TS  0|AC  0|TAMS 0x00000006caa00000, 0x00000006caa00000|
| 171|0x00000006cab00000, 0x00000006cab00000, 0x00000006cac00000|  0%| F|  |TS  0|AC  0|TAMS 0x00000006cab00000, 0x00000006cab00000|
| 172|0x00000006cac00000, 0x00000006cac00000, 0x00000006cad00000|  0%| F|  |TS  0|AC  0|TAMS 0x00000006cac00000, 0x00000006cac00000|
| 173|0x00000006cad00000, 0x00000006cad00000, 0x00000006cae00000|  0%| F|  |TS  0|AC  0|TAMS 0x00000006cad00000, 0x00000006cad00000|
| 174|0x00000006cae00000, 0x00000006cae00000, 0x00000006caf00000|  0%| F|  |TS  0|AC  0|TAMS 0x00000006cae00000, 0x00000006cae00000|
| 175|0x00000006caf00000, 0x00000006caf00000, 0x00000006cb000000|  0%| F|  |TS  0|AC  0|TAMS 0x00000006caf00000, 0x00000006caf00000|
| 176|0x00000006cb000000, 0x00000006cb000000, 0x00000006cb100000|  0%| F|  |TS  0|AC  0|TAMS 0x00000006cb000000, 0x00000006cb000000|
| 177|0x00000006cb100000, 0x00000006cb100000, 0x00000006cb200000|  0%| F|  |TS  0|AC  0|TAMS 0x00000006cb100000, 0x00000006cb100000|
| 178|0x00000006cb200000, 0x00000006cb200000, 0x00000006cb300000|  0%| F|  |TS  0|AC  0|TAMS 0x00000006cb200000, 0x00000006cb200000|
| 179|0x00000006cb300000, 0x00000006cb300000, 0x00000006cb400000|  0%| F|  |TS  0|AC  0|TAMS 0x00000006cb300000, 0x00000006cb300000|
| 180|0x00000006cb400000, 0x00000006cb400000, 0x00000006cb500000|  0%| F|  |TS  0|AC  0|TAMS 0x00000006cb400000, 0x00000006cb400000|
| 181|0x00000006cb500000, 0x00000006cb500000, 0x00000006cb600000|  0%| F|  |TS  0|AC  0|TAMS 0x00000006cb500000, 0x00000006cb500000|
| 182|0x00000006cb600000, 0x00000006cb600000, 0x00000006cb700000|  0%| F|  |TS  0|AC  0|TAMS 0x00000006cb600000, 0x00000006cb600000|
| 183|0x00000006cb700000, 0x00000006cb700000, 0x00000006cb800000|  0%| F|  |TS  0|AC  0|TAMS 0x00000006cb700000, 0x00000006cb700000|
| 184|0x00000006cb800000, 0x00000006cb800000, 0x00000006cb900000|  0%| F|  |TS  0|AC  0|TAMS 0x00000006cb800000, 0x00000006cb800000|
| 185|0x00000006cb900000, 0x00000006cb900000, 0x00000006cba00000|  0%| F|  |TS  0|AC  0|TAMS 0x00000006cb900000, 0x00000006cb900000|
| 186|0x00000006cba00000, 0x00000006cba00000, 0x00000006cbb00000|  0%| F|  |TS  0|AC  0|TAMS 0x00000006cba00000, 0x00000006cba00000|
| 187|0x00000006cbb00000, 0x00000006cbb00000, 0x00000006cbc00000|  0%| F|  |TS  0|AC  0|TAMS 0x00000006cbb00000, 0x00000006cbb00000|
| 188|0x00000006cbc00000, 0x00000006cbc00000, 0x00000006cbd00000|  0%| F|  |TS  0|AC  0|TAMS 0x00000006cbc00000, 0x00000006cbc00000|
| 189|0x00000006cbd00000, 0x00000006cbd00000, 0x00000006cbe00000|  0%| F|  |TS  0|AC  0|TAMS 0x00000006cbd00000, 0x00000006cbd00000|
| 190|0x00000006cbe00000, 0x00000006cbe00000, 0x00000006cbf00000|  0%| F|  |TS  0|AC  0|TAMS 0x00000006cbe00000, 0x00000006cbe00000|
| 191|0x00000006cbf00000, 0x00000006cbf00000, 0x00000006cc000000|  0%| F|  |TS  0|AC  0|TAMS 0x00000006cbf00000, 0x00000006cbf00000|
| 192|0x00000006cc000000, 0x00000006cc000000, 0x00000006cc100000|  0%| F|  |TS  0|AC  0|TAMS 0x00000006cc000000, 0x00000006cc000000|
| 193|0x00000006cc100000, 0x00000006cc100000, 0x00000006cc200000|  0%| F|  |TS  0|AC  0|TAMS 0x00000006cc100000, 0x00000006cc100000|
| 194|0x00000006cc200000, 0x00000006cc200000, 0x00000006cc300000|  0%| F|  |TS  0|AC  0|TAMS 0x00000006cc200000, 0x00000006cc200000|
| 195|0x00000006cc300000, 0x00000006cc300000, 0x00000006cc400000|  0%| F|  |TS  0|AC  0|TAMS 0x00000006cc300000, 0x00000006cc300000|
| 196|0x00000006cc400000, 0x00000006cc400000, 0x00000006cc500000|  0%| F|  |TS  0|AC  0|TAMS 0x00000006cc400000, 0x00000006cc400000|
| 197|0x00000006cc500000, 0x00000006cc500000, 0x00000006cc600000|  0%| F|  |TS  0|AC  0|TAMS 0x00000006cc500000, 0x00000006cc500000|
| 198|0x00000006cc600000, 0x00000006cc600000, 0x00000006cc700000|  0%| F|  |TS  0|AC  0|TAMS 0x00000006cc600000, 0x00000006cc600000|
| 199|0x00000006cc700000, 0x00000006cc700000, 0x00000006cc800000|  0%| F|  |TS  0|AC  0|TAMS 0x00000006cc700000, 0x00000006cc700000|
| 200|0x00000006cc800000, 0x00000006cc800000, 0x00000006cc900000|  0%| F|  |TS  0|AC  0|TAMS 0x00000006cc800000, 0x00000006cc800000|
| 201|0x00000006cc900000, 0x00000006cc900000, 0x00000006cca00000|  0%| F|  |TS  0|AC  0|TAMS 0x00000006cc900000, 0x00000006cc900000|
| 202|0x00000006cca00000, 0x00000006cca00000, 0x00000006ccb00000|  0%| F|  |TS  0|AC  0|TAMS 0x00000006cca00000, 0x00000006cca00000|
| 203|0x00000006ccb00000, 0x00000006ccb00000, 0x00000006ccc00000|  0%| F|  |TS  0|AC  0|TAMS 0x00000006ccb00000, 0x00000006ccb00000|
| 204|0x00000006ccc00000, 0x00000006ccc00000, 0x00000006ccd00000|  0%| F|  |TS  0|AC  0|TAMS 0x00000006ccc00000, 0x00000006ccc00000|
| 205|0x00000006ccd00000, 0x00000006ccd00000, 0x00000006cce00000|  0%| F|  |TS  0|AC  0|TAMS 0x00000006ccd00000, 0x00000006ccd00000|
| 206|0x00000006cce00000, 0x00000006cce00000, 0x00000006ccf00000|  0%| F|  |TS  0|AC  0|TAMS 0x00000006cce00000, 0x00000006cce00000|
| 207|0x00000006ccf00000, 0x00000006ccf00000, 0x00000006cd000000|  0%| F|  |TS  0|AC  0|TAMS 0x00000006ccf00000, 0x00000006ccf00000|
| 208|0x00000006cd000000, 0x00000006cd000000, 0x00000006cd100000|  0%| F|  |TS  0|AC  0|TAMS 0x00000006cd000000, 0x00000006cd000000|
| 209|0x00000006cd100000, 0x00000006cd100000, 0x00000006cd200000|  0%| F|  |TS  0|AC  0|TAMS 0x00000006cd100000, 0x00000006cd100000|
| 210|0x00000006cd200000, 0x00000006cd200000, 0x00000006cd300000|  0%| F|  |TS  0|AC  0|TAMS 0x00000006cd200000, 0x00000006cd200000|
| 211|0x00000006cd300000, 0x00000006cd300000, 0x00000006cd400000|  0%| F|  |TS  0|AC  0|TAMS 0x00000006cd300000, 0x00000006cd300000|
| 212|0x00000006cd400000, 0x00000006cd400000, 0x00000006cd500000|  0%| F|  |TS  0|AC  0|TAMS 0x00000006cd400000, 0x00000006cd400000|
| 213|0x00000006cd500000, 0x00000006cd500000, 0x00000006cd600000|  0%| F|  |TS  0|AC  0|TAMS 0x00000006cd500000, 0x00000006cd500000|
| 214|0x00000006cd600000, 0x00000006cd600000, 0x00000006cd700000|  0%| F|  |TS  0|AC  0|TAMS 0x00000006cd600000, 0x00000006cd600000|
| 215|0x00000006cd700000, 0x00000006cd700000, 0x00000006cd800000|  0%| F|  |TS  0|AC  0|TAMS 0x00000006cd700000, 0x00000006cd700000|
| 216|0x00000006cd800000, 0x00000006cd800000, 0x00000006cd900000|  0%| F|  |TS  0|AC  0|TAMS 0x00000006cd800000, 0x00000006cd800000|
| 217|0x00000006cd900000, 0x00000006cd900000, 0x00000006cda00000|  0%| F|  |TS  0|AC  0|TAMS 0x00000006cd900000, 0x00000006cd900000|
| 218|0x00000006cda00000, 0x00000006cda00000, 0x00000006cdb00000|  0%| F|  |TS  0|AC  0|TAMS 0x00000006cda00000, 0x00000006cda00000|
| 219|0x00000006cdb00000, 0x00000006cdb00000, 0x00000006cdc00000|  0%| F|  |TS  0|AC  0|TAMS 0x00000006cdb00000, 0x00000006cdb00000|
| 220|0x00000006cdc00000, 0x00000006cdc00000, 0x00000006cdd00000|  0%| F|  |TS  0|AC  0|TAMS 0x00000006cdc00000, 0x00000006cdc00000|
| 221|0x00000006cdd00000, 0x00000006cdd00000, 0x00000006cde00000|  0%| F|  |TS  0|AC  0|TAMS 0x00000006cdd00000, 0x00000006cdd00000|
| 222|0x00000006cde00000, 0x00000006cde00000, 0x00000006cdf00000|  0%| F|  |TS  0|AC  0|TAMS 0x00000006cde00000, 0x00000006cde00000|
| 223|0x00000006cdf00000, 0x00000006cdf00000, 0x00000006ce000000|  0%| F|  |TS  0|AC  0|TAMS 0x00000006cdf00000, 0x00000006cdf00000|
| 224|0x00000006ce000000, 0x00000006ce000000, 0x00000006ce100000|  0%| F|  |TS  0|AC  0|TAMS 0x00000006ce000000, 0x00000006ce000000|
| 225|0x00000006ce100000, 0x00000006ce100000, 0x00000006ce200000|  0%| F|  |TS  0|AC  0|TAMS 0x00000006ce100000, 0x00000006ce100000|
| 226|0x00000006ce200000, 0x00000006ce200000, 0x00000006ce300000|  0%| F|  |TS  0|AC  0|TAMS 0x00000006ce200000, 0x00000006ce200000|
| 227|0x00000006ce300000, 0x00000006ce300000, 0x00000006ce400000|  0%| F|  |TS  0|AC  0|TAMS 0x00000006ce300000, 0x00000006ce300000|
| 228|0x00000006ce400000, 0x00000006ce400000, 0x00000006ce500000|  0%| F|  |TS  0|AC  0|TAMS 0x00000006ce400000, 0x00000006ce400000|
| 229|0x00000006ce500000, 0x00000006ce500000, 0x00000006ce600000|  0%| F|  |TS  0|AC  0|TAMS 0x00000006ce500000, 0x00000006ce500000|
| 230|0x00000006ce600000, 0x00000006ce600000, 0x00000006ce700000|  0%| F|  |TS  0|AC  0|TAMS 0x00000006ce600000, 0x00000006ce600000|
| 231|0x00000006ce700000, 0x00000006ce700000, 0x00000006ce800000|  0%| F|  |TS  0|AC  0|TAMS 0x00000006ce700000, 0x00000006ce700000|
| 232|0x00000006ce800000, 0x00000006ce800000, 0x00000006ce900000|  0%| F|  |TS  0|AC  0|TAMS 0x00000006ce800000, 0x00000006ce800000|
| 233|0x00000006ce900000, 0x00000006ce900000, 0x00000006cea00000|  0%| F|  |TS  0|AC  0|TAMS 0x00000006ce900000, 0x00000006ce900000|
| 234|0x00000006cea00000, 0x00000006cea00000, 0x00000006ceb00000|  0%| F|  |TS  0|AC  0|TAMS 0x00000006cea00000, 0x00000006cea00000|
| 235|0x00000006ceb00000, 0x00000006ceb00000, 0x00000006cec00000|  0%| F|  |TS  0|AC  0|TAMS 0x00000006ceb00000, 0x00000006ceb00000|
| 236|0x00000006cec00000, 0x00000006cec00000, 0x00000006ced00000|  0%| F|  |TS  0|AC  0|TAMS 0x00000006cec00000, 0x00000006cec00000|
| 237|0x00000006ced00000, 0x00000006ced00000, 0x00000006cee00000|  0%| F|  |TS  0|AC  0|TAMS 0x00000006ced00000, 0x00000006ced00000|
| 238|0x00000006cee00000, 0x00000006cee00000, 0x00000006cef00000|  0%| F|  |TS  0|AC  0|TAMS 0x00000006cee00000, 0x00000006cee00000|
| 239|0x00000006cef00000, 0x00000006cef00000, 0x00000006cf000000|  0%| F|  |TS  0|AC  0|TAMS 0x00000006cef00000, 0x00000006cef00000|
| 240|0x00000006cf000000, 0x00000006cf000000, 0x00000006cf100000|  0%| F|  |TS  0|AC  0|TAMS 0x00000006cf000000, 0x00000006cf000000|
| 241|0x00000006cf100000, 0x00000006cf100000, 0x00000006cf200000|  0%| F|  |TS  0|AC  0|TAMS 0x00000006cf100000, 0x00000006cf100000|
| 242|0x00000006cf200000, 0x00000006cf200000, 0x00000006cf300000|  0%| F|  |TS  0|AC  0|TAMS 0x00000006cf200000, 0x00000006cf200000|
| 243|0x00000006cf300000, 0x00000006cf300000, 0x00000006cf400000|  0%| F|  |TS  0|AC  0|TAMS 0x00000006cf300000, 0x00000006cf300000|
| 244|0x00000006cf400000, 0x00000006cf400000, 0x00000006cf500000|  0%| F|  |TS  0|AC  0|TAMS 0x00000006cf400000, 0x00000006cf400000|
| 245|0x00000006cf500000, 0x00000006cf500000, 0x00000006cf600000|  0%| F|  |TS  0|AC  0|TAMS 0x00000006cf500000, 0x00000006cf500000|
| 246|0x00000006cf600000, 0x00000006cf600000, 0x00000006cf700000|  0%| F|  |TS  0|AC  0|TAMS 0x00000006cf600000, 0x00000006cf600000|
| 247|0x00000006cf700000, 0x00000006cf700000, 0x00000006cf800000|  0%| F|  |TS  0|AC  0|TAMS 0x00000006cf700000, 0x00000006cf700000|
| 248|0x00000006cf800000, 0x00000006cf800000, 0x00000006cf900000|  0%| F|  |TS  0|AC  0|TAMS 0x00000006cf800000, 0x00000006cf800000|
| 249|0x00000006cf900000, 0x00000006cf900000, 0x00000006cfa00000|  0%| F|  |TS  0|AC  0|TAMS 0x00000006cf900000, 0x00000006cf900000|
| 250|0x00000006cfa00000, 0x00000006cfa00000, 0x00000006cfb00000|  0%| F|  |TS  0|AC  0|TAMS 0x00000006cfa00000, 0x00000006cfa00000|
| 251|0x00000006cfb00000, 0x00000006cfb058b0, 0x00000006cfc00000|  2%| S|CS|TS  0|AC  0|TAMS 0x00000006cfb00000, 0x00000006cfb00000|
| 252|0x00000006cfc00000, 0x00000006cfc00000, 0x00000006cfd00000|  0%| F|  |TS  0|AC  0|TAMS 0x00000006cfc00000, 0x00000006cfc00000|
| 253|0x00000006cfd00000, 0x00000006cfe00000, 0x00000006cfe00000|100%| E|  |TS  0|AC  0|TAMS 0x00000006cfd00000, 0x00000006cfd00000|
| 254|0x00000006cfe00000, 0x00000006cff00000, 0x00000006cff00000|100%| E|CS|TS  0|AC  0|TAMS 0x00000006cfe00000, 0x00000006cfe00000|
| 255|0x00000006cff00000, 0x00000006d0000000, 0x00000006d0000000|100%| E|CS|TS  0|AC  0|TAMS 0x00000006cff00000, 0x00000006cff00000|

Card table byte_map: [0x0000000121f2c000,0x000000012272c000] byte_map_base: 0x000000011e92c000

Marking Bits (Prev, Next): (CMBitMap*) 0x00007fe07e8268a8, (CMBitMap*) 0x00007fe07e826870
 Prev Bits: [0x0000000126f2c000, 0x000000012af2c000)
 Next Bits: [0x0000000122f2c000, 0x0000000126f2c000)

Polling page: 0x0000000104fe0000

CodeHeap 'non-profiled nmethods': size=120032Kb used=1236Kb max_used=1236Kb free=118795Kb
 bounds [0x0000000119109000, 0x0000000119379000, 0x0000000120641000]
CodeHeap 'profiled nmethods': size=120028Kb used=5306Kb max_used=5306Kb free=114721Kb
 bounds [0x0000000111bd2000, 0x0000000112102000, 0x0000000119109000]
CodeHeap 'non-nmethods': size=5700Kb used=1591Kb max_used=1609Kb free=4108Kb
 bounds [0x0000000111641000, 0x00000001118b1000, 0x0000000111bd2000]
 total_blobs=4289 nmethods=2824 adapters=894
 compilation: enabled

Compilation events (10 events):
Event: 14.990 Thread 0x00007fe07f80c800 2821       3       java.lang.invoke.MethodHandleNatives::linkCallSiteImpl (44 bytes)
Event: 14.991 Thread 0x00007fe07f80c800 nmethod 2821 0x00000001120f5c10 code [0x00000001120f5e40, 0x00000001120f6638]
Event: 14.991 Thread 0x00007fe07f80c800 2822   !   3       java.lang.invoke.CallSite::makeSite (433 bytes)
Event: 14.999 Thread 0x00007fe07f80c800 nmethod 2822 0x00000001120f6910 code [0x00000001120f6fe0, 0x00000001120fc2f8]
Event: 14.999 Thread 0x00007fe07f80c800 2823       3       java.lang.invoke.MethodHandles$Lookup::lookupModes (8 bytes)
Event: 14.999 Thread 0x00007fe07f80c800 nmethod 2823 0x00000001120fea10 code [0x00000001120febc0, 0x00000001120fed10]
Event: 14.999 Thread 0x00007fe07f80c800 2824       3       java.lang.invoke.ConstantCallSite::<init> (11 bytes)
Event: 15.000 Thread 0x00007fe07f80c800 nmethod 2824 0x00000001120fed90 code [0x00000001120fefc0, 0x00000001120ff868]
Event: 15.000 Thread 0x00007fe07f80c800 2825       3       java.lang.invoke.CallSite::<init> (23 bytes)
Event: 15.000 Thread 0x00007fe07f80c800 nmethod 2825 0x00000001120ffb90 code [0x00000001120ffda0, 0x00000001121005e8]

GC Heap History (10 events):
Event: 13.763 GC heap before
{Heap before GC invocations=64 (full 0):
 garbage-first heap   total 262144K, used 119255K [0x00000006c0000000, 0x00000006c0100800, 0x00000007c0000000)
  region size 1024K, 4 young (4096K), 1 survivors (1024K)
 Metaspace       used 23320K, capacity 24986K, committed 25216K, reserved 1071104K
  class space    used 2825K, capacity 3152K, committed 3200K, reserved 1048576K
}
Event: 13.764 GC heap after
{Heap after GC invocations=65 (full 0):
 garbage-first heap   total 262144K, used 54745K [0x00000006c0000000, 0x00000006c0100800, 0x00000007c0000000)
  region size 1024K, 1 young (1024K), 1 survivors (1024K)
 Metaspace       used 23320K, capacity 24986K, committed 25216K, reserved 1071104K
  class space    used 2825K, capacity 3152K, committed 3200K, reserved 1048576K
}
Event: 13.936 GC heap before
{Heap before GC invocations=66 (full 0):
 garbage-first heap   total 262144K, used 116185K [0x00000006c0000000, 0x00000006c0100800, 0x00000007c0000000)
  region size 1024K, 3 young (3072K), 1 survivors (1024K)
 Metaspace       used 23322K, capacity 24986K, committed 25216K, reserved 1071104K
  class space    used 2825K, capacity 3152K, committed 3200K, reserved 1048576K
}
Event: 13.937 GC heap after
{Heap after GC invocations=67 (full 0):
 garbage-first heap   total 262144K, used 54749K [0x00000006c0000000, 0x00000006c0100800, 0x00000007c0000000)
  region size 1024K, 1 young (1024K), 1 survivors (1024K)
 Metaspace       used 23322K, capacity 24986K, committed 25216K, reserved 1071104K
  class space    used 2825K, capacity 3152K, committed 3200K, reserved 1048576K
}
Event: 14.198 GC heap before
{Heap before GC invocations=68 (full 0):
 garbage-first heap   total 262144K, used 116189K [0x00000006c0000000, 0x00000006c0100800, 0x00000007c0000000)
  region size 1024K, 4 young (4096K), 1 survivors (1024K)
 Metaspace       used 23324K, capacity 24986K, committed 25216K, reserved 1071104K
  class space    used 2825K, capacity 3152K, committed 3200K, reserved 1048576K
}
Event: 14.199 GC heap after
{Heap after GC invocations=69 (full 0):
 garbage-first heap   total 262144K, used 62952K [0x00000006c0000000, 0x00000006c0100800, 0x00000007c0000000)
  region size 1024K, 1 young (1024K), 1 survivors (1024K)
 Metaspace       used 23324K, capacity 24986K, committed 25216K, reserved 1071104K
  class space    used 2825K, capacity 3152K, committed 3200K, reserved 1048576K
}
Event: 14.477 GC heap before
{Heap before GC invocations=70 (full 0):
 garbage-first heap   total 262144K, used 119272K [0x00000006c0000000, 0x00000006c0100800, 0x00000007c0000000)
  region size 1024K, 4 young (4096K), 1 survivors (1024K)
 Metaspace       used 23335K, capacity 24986K, committed 25216K, reserved 1071104K
  class space    used 2825K, capacity 3152K, committed 3200K, reserved 1048576K
}
Event: 14.478 GC heap after
{Heap after GC invocations=71 (full 0):
 garbage-first heap   total 262144K, used 53742K [0x00000006c0000000, 0x00000006c0100800, 0x00000007c0000000)
  region size 1024K, 1 young (1024K), 1 survivors (1024K)
 Metaspace       used 23335K, capacity 24986K, committed 25216K, reserved 1071104K
  class space    used 2825K, capacity 3152K, committed 3200K, reserved 1048576K
}
Event: 14.630 GC heap before
{Heap before GC invocations=72 (full 0):
 garbage-first heap   total 262144K, used 116206K [0x00000006c0000000, 0x00000006c0100800, 0x00000007c0000000)
  region size 1024K, 4 young (4096K), 1 survivors (1024K)
 Metaspace       used 23338K, capacity 24986K, committed 25216K, reserved 1071104K
  class space    used 2825K, capacity 3152K, committed 3200K, reserved 1048576K
}
Event: 14.630 GC heap after
{Heap after GC invocations=73 (full 0):
 garbage-first heap   total 262144K, used 62965K [0x00000006c0000000, 0x00000006c0100800, 0x00000007c0000000)
  region size 1024K, 1 young (1024K), 1 survivors (1024K)
 Metaspace       used 23338K, capacity 24986K, committed 25216K, reserved 1071104K
  class space    used 2825K, capacity 3152K, committed 3200K, reserved 1048576K
}

Deoptimization events (10 events):
Event: 2.680 Thread 0x00007fe07e96a800 Uncommon trap: reason=unstable_if action=reinterpret pc=0x0000000119168ae0 method=java.lang.CharacterData.of(I)Ljava/lang/CharacterData; @ 4 c2
Event: 2.682 Thread 0x00007fe07e96a800 Uncommon trap: reason=unstable_if action=reinterpret pc=0x000000011910d110 method=java.lang.String.hashCode()I @ 22 c2
Event: 2.682 Thread 0x00007fe07e96a800 Uncommon trap: reason=unstable_if action=reinterpret pc=0x00000001191254c8 method=java.lang.String.equals(Ljava/lang/Object;)Z @ 34 c2
Event: 2.704 Thread 0x00007fe07e96a800 Uncommon trap: reason=unstable_if action=reinterpret pc=0x000000011911661c method=java.lang.String.charAt(I)C @ 4 c2
Event: 2.822 Thread 0x00007fe07e96a800 Uncommon trap: reason=bimorphic_or_optimized_type_check action=maybe_recompile pc=0x0000000119141f28 method=java.util.concurrent.ConcurrentHashMap.get(Ljava/lang/Object;)Ljava/lang/Object; @ 149 c2
Event: 2.989 Thread 0x00007fe080875800 Uncommon trap: reason=unstable_if action=reinterpret pc=0x000000011915581c method=java.lang.ref.ReferenceQueue.poll()Ljava/lang/ref/Reference; @ 4 c2
Event: 6.041 Thread 0x00007fe07e96a800 Uncommon trap: reason=unstable_if action=reinterpret pc=0x00000001191e43f0 method=com.sun.javafx.image.impl.IntTo4ByteSameConverter.doConvert([III[BIIII)V @ 29 c2
Event: 6.049 Thread 0x00007fe07e96a800 Uncommon trap: reason=unstable_if action=reinterpret pc=0x00000001191537b8 method=jdk.internal.org.objectweb.asm.Type.getArgumentsAndReturnSizes(Ljava/lang/String;)I @ 47 c2
Event: 6.050 Thread 0x00007fe07e96a800 Uncommon trap: reason=unstable_if action=reinterpret pc=0x00000001191cbfac method=jdk.internal.org.objectweb.asm.Type.getArgumentsAndReturnSizes(Ljava/lang/String;)I @ 47 c2
Event: 13.200 Thread 0x00007fe07e96a800 Uncommon trap: reason=unstable_if action=reinterpret pc=0x000000011921dda4 method=java.lang.Math.round(F)I @ 36 c2

Classes redefined (0 events):
No events

Internal exceptions (10 events):
Event: 3.543 Thread 0x00007fe07e96a800 Exception <a 'java/lang/NoSuchMethodError'{0x00000006cff3d900}: method resolution failed> (0x00000006cff3d900) thrown at [/scratch/mesos/slaves/5af44a71-976a-41b7-81de-5773b84ec572-S38393/frameworks/1735e8a2-a1db-478c-8104-60c8b0af87dd-0196/executors/8b85
Event: 5.931 Thread 0x00007fe07e96a800 Exception <a 'java/lang/ClassNotFoundException'{0x00000006cfc757e0}: sun/awt/resources/spi/awtProvider> (0x00000006cfc757e0) thrown at [/scratch/mesos/slaves/5af44a71-976a-41b7-81de-5773b84ec572-S38393/frameworks/1735e8a2-a1db-478c-8104-60c8b0af87dd-0196/
Event: 5.932 Thread 0x00007fe07e96a800 Exception <a 'java/io/FileNotFoundException'{0x00000006cfc7e170}> (0x00000006cfc7e170) thrown at [/scratch/mesos/slaves/5af44a71-976a-41b7-81de-5773b84ec572-S38393/frameworks/1735e8a2-a1db-478c-8104-60c8b0af87dd-0196/executors/8b855640-c399-41ea-b65f-5227
Event: 5.933 Thread 0x00007fe07e96a800 Exception <a 'java/io/FileNotFoundException'{0x00000006cfc825d0}> (0x00000006cfc825d0) thrown at [/scratch/mesos/slaves/5af44a71-976a-41b7-81de-5773b84ec572-S38393/frameworks/1735e8a2-a1db-478c-8104-60c8b0af87dd-0196/executors/8b855640-c399-41ea-b65f-5227
Event: 5.944 Thread 0x00007fe07e96a800 Exception <a 'java/lang/ClassNotFoundException'{0x00000006cfc89c08}: sun/awt/resources/spi/awtosxProvider> (0x00000006cfc89c08) thrown at [/scratch/mesos/slaves/5af44a71-976a-41b7-81de-5773b84ec572-S38393/frameworks/1735e8a2-a1db-478c-8104-60c8b0af87dd-01
Event: 6.049 Thread 0x00007fe07e96a800 Exception <a 'java/lang/NoSuchMethodError'{0x00000006cfb2bb30}: method resolution failed> (0x00000006cfb2bb30) thrown at [/scratch/mesos/slaves/5af44a71-976a-41b7-81de-5773b84ec572-S38393/frameworks/1735e8a2-a1db-478c-8104-60c8b0af87dd-0196/executors/8b85
Event: 6.050 Thread 0x00007fe07e96a800 Exception <a 'java/lang/NoSuchMethodError'{0x00000006cfb2ed58}: java.lang.invoke.DirectMethodHandle$Holder.invokeStaticInit(Ljava/lang/Object;Ljava/lang/Object;Ljava/lang/Object;)J> (0x00000006cfb2ed58) thrown at [/scratch/mesos/slaves/5af44a71-976a-41b7-
Event: 6.052 Thread 0x00007fe07e96a800 Exception <a 'java/lang/NoSuchMethodError'{0x00000006cfb41888}: method resolution failed> (0x00000006cfb41888) thrown at [/scratch/mesos/slaves/5af44a71-976a-41b7-81de-5773b84ec572-S38393/frameworks/1735e8a2-a1db-478c-8104-60c8b0af87dd-0196/executors/8b85
Event: 6.052 Thread 0x00007fe07e96a800 Exception <a 'java/lang/NoSuchMethodError'{0x00000006cfb479b0}: java.lang.invoke.DirectMethodHandle$Holder.invokeStatic(Ljava/lang/Object;Ljava/lang/Object;J)Ljava/lang/Object;> (0x00000006cfb479b0) thrown at [/scratch/mesos/slaves/5af44a71-976a-41b7-81de
Event: 6.053 Thread 0x00007fe07e96a800 Exception <a 'java/lang/NoSuchMethodError'{0x00000006cfb4afa8}: method resolution failed> (0x00000006cfb4afa8) thrown at [/scratch/mesos/slaves/5af44a71-976a-41b7-81de-5773b84ec572-S38393/frameworks/1735e8a2-a1db-478c-8104-60c8b0af87dd-0196/executors/8b85

Events (10 events):
Event: 15.006 loading class javafx/application/Application done
Event: 15.009 loading class com/sun/javafx/tk/quantum/QuantumRenderer
Event: 15.009 loading class com/sun/javafx/tk/quantum/QuantumRenderer done
Event: 15.010 loading class com/sun/javafx/tk/quantum/QuantumToolkit
Event: 15.010 loading class com/sun/javafx/tk/quantum/QuantumToolkit done
Event: 15.010 Thread 0x00007fe080875800 Thread exited: 0x00007fe080875800
Event: 15.010 Thread 0x00007fe07f9c6800 Thread exited: 0x00007fe07f9c6800
Event: 15.010 Thread 0x00007fe07f003000 Thread exited: 0x00007fe07f003000
Event: 15.010 Thread 0x00007fe07e96a800 Thread exited: 0x00007fe07e96a800
Event: 15.010 Thread 0x00007fe086106000 Thread added: 0x00007fe086106000


Dynamic libraries:
0x00007fff3568c000 	/System/Library/Frameworks/Cocoa.framework/Versions/A/Cocoa
0x00007fff41a73000 	/System/Library/Frameworks/Security.framework/Versions/A/Security
0x00007fff342fb000 	/System/Library/Frameworks/ApplicationServices.framework/Versions/A/ApplicationServices
0x00007fff5d652000 	/usr/lib/libz.1.dylib
0x00007fff5b5e7000 	/usr/lib/libSystem.B.dylib
0x00007fff35e34000 	/System/Library/Frameworks/CoreFoundation.framework/Versions/A/CoreFoundation
0x00007fff37f81000 	/System/Library/Frameworks/Foundation.framework/Versions/C/Foundation
0x00007fff5cc6a000 	/usr/lib/libobjc.A.dylib
0x00007fff3344c000 	/System/Library/Frameworks/AppKit.framework/Versions/C/AppKit
0x00007fff35a04000 	/System/Library/Frameworks/CoreData.framework/Versions/A/CoreData
0x00007fff55028000 	/System/Library/PrivateFrameworks/RemoteViewServices.framework/Versions/A/RemoteViewServices
0x00007fff5967d000 	/System/Library/PrivateFrameworks/UIFoundation.framework/Versions/A/UIFoundation
0x00007fff4a072000 	/System/Library/PrivateFrameworks/DFRFoundation.framework/Versions/A/DFRFoundation
0x00007fff3a45d000 	/System/Library/Frameworks/Metal.framework/Versions/A/Metal
0x00007fff4a213000 	/System/Library/PrivateFrameworks/DesktopServicesPriv.framework/Versions/A/DesktopServicesPriv
0x00007fff5c26c000 	/usr/lib/libenergytrace.dylib
0x00007fff577a1000 	/System/Library/PrivateFrameworks/SkyLight.framework/Versions/A/SkyLight
0x00007fff362cf000 	/System/Library/Frameworks/CoreGraphics.framework/Versions/A/CoreGraphics
0x00007fff5b5e2000 	/usr/lib/libScreenReader.dylib
0x00007fff32184000 	/System/Library/Frameworks/Accelerate.framework/Versions/A/Accelerate
0x00007fff386f8000 	/System/Library/Frameworks/IOSurface.framework/Versions/A/IOSurface
0x00007fff34845000 	/System/Library/Frameworks/AudioToolbox.framework/Versions/A/AudioToolbox
0x00007fff34ad2000 	/System/Library/Frameworks/AudioUnit.framework/Versions/A/AudioUnit
0x00007fff4a10e000 	/System/Library/PrivateFrameworks/DataDetectorsCore.framework/Versions/A/DataDetectorsCore
0x00007fff35193000 	/System/Library/Frameworks/Carbon.framework/Versions/A/Frameworks/HIToolbox.framework/Versions/A/HIToolbox
0x00007fff5c3c6000 	/usr/lib/libicucore.A.dylib
0x00007fff40ff2000 	/System/Library/Frameworks/QuartzCore.framework/Versions/A/QuartzCore
0x00007fff35579000 	/System/Library/Frameworks/Carbon.framework/Versions/A/Frameworks/SpeechRecognition.framework/Versions/A/SpeechRecognition
0x00007fff5b7c5000 	/usr/lib/libauto.dylib
0x00007fff5d541000 	/usr/lib/libxml2.2.dylib
0x00007fff49cec000 	/System/Library/PrivateFrameworks/CoreUI.framework/Versions/A/CoreUI
0x00007fff358e0000 	/System/Library/Frameworks/CoreAudio.framework/Versions/A/CoreAudio
0x00007fff37dbb000 	/System/Library/Frameworks/DiskArbitration.framework/Versions/A/DiskArbitration
0x00007fff5c63a000 	/usr/lib/liblangid.dylib
0x00007fff51573000 	/System/Library/PrivateFrameworks/MultitouchSupport.framework/Versions/A/MultitouchSupport
0x00007fff3865b000 	/System/Library/Frameworks/IOKit.framework/Versions/A/IOKit
0x00007fff5b27f000 	/usr/lib/libDiagnosticMessagesClient.dylib
0x00007fff36fab000 	/System/Library/Frameworks/CoreServices.framework/Versions/A/CoreServices
0x00007fff5300d000 	/System/Library/PrivateFrameworks/PerformanceAnalysis.framework/Versions/A/PerformanceAnalysis
0x00007fff4019c000 	/System/Library/Frameworks/OpenGL.framework/Versions/A/OpenGL
0x00007fff3569a000 	/System/Library/Frameworks/ColorSync.framework/Versions/A/ColorSync
0x00007fff368fc000 	/System/Library/Frameworks/CoreImage.framework/Versions/A/CoreImage
0x00007fff3792c000 	/System/Library/Frameworks/CoreText.framework/Versions/A/CoreText
0x00007fff38756000 	/System/Library/Frameworks/ImageIO.framework/Versions/A/ImageIO
0x00007fff46545000 	/System/Library/PrivateFrameworks/Backup.framework/Versions/A/Backup
0x00007fff5b693000 	/usr/lib/libarchive.2.dylib
0x00007fff34de7000 	/System/Library/Frameworks/CFNetwork.framework/Versions/A/CFNetwork
0x00007fff421ef000 	/System/Library/Frameworks/SystemConfiguration.framework/Versions/A/SystemConfiguration
0x00007fff5b1a8000 	/usr/lib/libCRFSuite.dylib
0x00007fff5b89d000 	/usr/lib/libc++.1.dylib
0x00007fff5b8f4000 	/usr/lib/libc++abi.dylib
0x00007fff5d702000 	/usr/lib/system/libcache.dylib
0x00007fff5d707000 	/usr/lib/system/libcommonCrypto.dylib
0x00007fff5d712000 	/usr/lib/system/libcompiler_rt.dylib
0x00007fff5d71a000 	/usr/lib/system/libcopyfile.dylib
0x00007fff5d723000 	/usr/lib/system/libcorecrypto.dylib
0x00007fff5d830000 	/usr/lib/system/libdispatch.dylib
0x00007fff5d86a000 	/usr/lib/system/libdyld.dylib
0x00007fff5d888000 	/usr/lib/system/libkeymgr.dylib
0x00007fff5d896000 	/usr/lib/system/liblaunch.dylib
0x00007fff5d897000 	/usr/lib/system/libmacho.dylib
0x00007fff5d89c000 	/usr/lib/system/libquarantine.dylib
0x00007fff5d89f000 	/usr/lib/system/libremovefile.dylib
0x00007fff5d8a1000 	/usr/lib/system/libsystem_asl.dylib
0x00007fff5d8b9000 	/usr/lib/system/libsystem_blocks.dylib
0x00007fff5d8ba000 	/usr/lib/system/libsystem_c.dylib
0x00007fff5d944000 	/usr/lib/system/libsystem_configuration.dylib
0x00007fff5d948000 	/usr/lib/system/libsystem_coreservices.dylib
0x00007fff5d94c000 	/usr/lib/system/libsystem_darwin.dylib
0x00007fff5d94e000 	/usr/lib/system/libsystem_dnssd.dylib
0x00007fff5d955000 	/usr/lib/system/libsystem_info.dylib
0x00007fff5d9c5000 	/usr/lib/system/libsystem_m.dylib
0x00007fff5da11000 	/usr/lib/system/libsystem_malloc.dylib
0x00007fff5da31000 	/usr/lib/system/libsystem_network.dylib
0x00007fff5dad6000 	/usr/lib/system/libsystem_networkextension.dylib
0x00007fff5dae1000 	/usr/lib/system/libsystem_notify.dylib
0x00007fff5daff000 	/usr/lib/system/libsystem_sandbox.dylib
0x00007fff5db03000 	/usr/lib/system/libsystem_secinit.dylib
0x00007fff5d99f000 	/usr/lib/system/libsystem_kernel.dylib
0x00007fff5daeb000 	/usr/lib/system/libsystem_platform.dylib
0x00007fff5daf3000 	/usr/lib/system/libsystem_pthread.dylib
0x00007fff5db05000 	/usr/lib/system/libsystem_symptoms.dylib
0x00007fff5db0d000 	/usr/lib/system/libsystem_trace.dylib
0x00007fff5db22000 	/usr/lib/system/libunwind.dylib
0x00007fff5db28000 	/usr/lib/system/libxpc.dylib
0x00007fff5b0d5000 	/usr/lib/closure/libclosured.dylib
0x00007fff5b87e000 	/usr/lib/libbsm.0.dylib
0x00007fff5d889000 	/usr/lib/system/libkxld.dylib
0x00007fff5b4b9000 	/usr/lib/libOpenScriptingUtil.dylib
0x00007fff5bbee000 	/usr/lib/libcoretls.dylib
0x00007fff5bc07000 	/usr/lib/libcoretls_cfhelpers.dylib
0x00007fff5d06e000 	/usr/lib/libpam.2.dylib
0x00007fff5d194000 	/usr/lib/libsqlite3.dylib
0x00007fff5d530000 	/usr/lib/libxar.1.dylib
0x00007fff5b88f000 	/usr/lib/libbz2.1.0.dylib
0x00007fff5c63c000 	/usr/lib/liblzma.5.dylib
0x00007fff5cb1d000 	/usr/lib/libnetwork.dylib
0x00007fff5b67c000 	/usr/lib/libapple_nghttp2.dylib
0x00007fff5d075000 	/usr/lib/libpcap.A.dylib
0x00007fff5b7c6000 	/usr/lib/libboringssl.dylib
0x00007fff5d4f2000 	/usr/lib/libusrtcp.dylib
0x00007fff5b67b000 	/usr/lib/libapple_crypto.dylib
0x00007fff3732e000 	/System/Library/Frameworks/CoreServices.framework/Versions/A/Frameworks/FSEvents.framework/Versions/A/FSEvents
0x00007fff37021000 	/System/Library/Frameworks/CoreServices.framework/Versions/A/Frameworks/CarbonCore.framework/Versions/A/CarbonCore
0x00007fff374f0000 	/System/Library/Frameworks/CoreServices.framework/Versions/A/Frameworks/Metadata.framework/Versions/A/Metadata
0x00007fff375a0000 	/System/Library/Frameworks/CoreServices.framework/Versions/A/Frameworks/OSServices.framework/Versions/A/OSServices
0x00007fff375fe000 	/System/Library/Frameworks/CoreServices.framework/Versions/A/Frameworks/SearchKit.framework/Versions/A/SearchKit
0x00007fff36fac000 	/System/Library/Frameworks/CoreServices.framework/Versions/A/Frameworks/AE.framework/Versions/A/AE
0x00007fff37337000 	/System/Library/Frameworks/CoreServices.framework/Versions/A/Frameworks/LaunchServices.framework/Versions/A/LaunchServices
0x00007fff372f9000 	/System/Library/Frameworks/CoreServices.framework/Versions/A/Frameworks/DictionaryServices.framework/Versions/A/DictionaryServices
0x00007fff3766d000 	/System/Library/Frameworks/CoreServices.framework/Versions/A/Frameworks/SharedFileList.framework/Versions/A/SharedFileList
0x00007fff3b629000 	/System/Library/Frameworks/NetFS.framework/Versions/A/NetFS
0x00007fff51800000 	/System/Library/PrivateFrameworks/NetAuth.framework/Versions/A/NetAuth
0x00007fff5af6f000 	/System/Library/PrivateFrameworks/login.framework/Versions/A/Frameworks/loginsupport.framework/Versions/A/loginsupport
0x00007fff59301000 	/System/Library/PrivateFrameworks/TCC.framework/Versions/A/TCC
0x00007fff5c71d000 	/usr/lib/libmecabra.dylib
0x00007fff342fc000 	/System/Library/Frameworks/ApplicationServices.framework/Versions/A/Frameworks/ATS.framework/Versions/A/ATS
0x00007fff346aa000 	/System/Library/Frameworks/ApplicationServices.framework/Versions/A/Frameworks/ColorSyncLegacy.framework/Versions/A/ColorSyncLegacy
0x00007fff3474e000 	/System/Library/Frameworks/ApplicationServices.framework/Versions/A/Frameworks/HIServices.framework/Versions/A/HIServices
0x00007fff347a1000 	/System/Library/Frameworks/ApplicationServices.framework/Versions/A/Frameworks/LangAnalysis.framework/Versions/A/LangAnalysis
0x00007fff347b0000 	/System/Library/Frameworks/ApplicationServices.framework/Versions/A/Frameworks/PrintCore.framework/Versions/A/PrintCore
0x00007fff347fd000 	/System/Library/Frameworks/ApplicationServices.framework/Versions/A/Frameworks/QD.framework/Versions/A/QD
0x00007fff34838000 	/System/Library/Frameworks/ApplicationServices.framework/Versions/A/Frameworks/SpeechSynthesis.framework/Versions/A/SpeechSynthesis
0x00007fff35d67000 	/System/Library/Frameworks/CoreDisplay.framework/Versions/A/CoreDisplay
0x00007fff3219d000 	/System/Library/Frameworks/Accelerate.framework/Versions/A/Frameworks/vImage.framework/Versions/A/vImage
0x00007fff3315c000 	/System/Library/Frameworks/Accelerate.framework/Versions/A/Frameworks/vecLib.framework/Versions/A/vecLib
0x00007fff32f32000 	/System/Library/Frameworks/Accelerate.framework/Versions/A/Frameworks/vecLib.framework/Versions/A/libvDSP.dylib
0x00007fff32a8e000 	/System/Library/Frameworks/Accelerate.framework/Versions/A/Frameworks/vecLib.framework/Versions/A/libBNNS.dylib
0x00007fff32eba000 	/System/Library/Frameworks/Accelerate.framework/Versions/A/Frameworks/vecLib.framework/Versions/A/libQuadrature.dylib
0x00007fff330a6000 	/System/Library/Frameworks/Accelerate.framework/Versions/A/Frameworks/vecLib.framework/Versions/A/libvMisc.dylib
0x00007fff32ac9000 	/System/Library/Frameworks/Accelerate.framework/Versions/A/Frameworks/vecLib.framework/Versions/A/libLAPACK.dylib
0x00007fff328ec000 	/System/Library/Frameworks/Accelerate.framework/Versions/A/Frameworks/vecLib.framework/Versions/A/libBLAS.dylib
0x00007fff32ea3000 	/System/Library/Frameworks/Accelerate.framework/Versions/A/Frameworks/vecLib.framework/Versions/A/libLinearAlgebra.dylib
0x00007fff32ec0000 	/System/Library/Frameworks/Accelerate.framework/Versions/A/Frameworks/vecLib.framework/Versions/A/libSparse.dylib
0x00007fff32f1f000 	/System/Library/Frameworks/Accelerate.framework/Versions/A/Frameworks/vecLib.framework/Versions/A/libSparseBLAS.dylib
0x00007fff4fea6000 	/System/Library/PrivateFrameworks/IOAccelerator.framework/Versions/A/IOAccelerator
0x00007fff4feb1000 	/System/Library/PrivateFrameworks/IOPresentment.framework/Versions/A/IOPresentment
0x00007fff4a084000 	/System/Library/PrivateFrameworks/DSExternalDisplay.framework/Versions/A/DSExternalDisplay
0x00007fff3f61e000 	/System/Library/Frameworks/OpenGL.framework/Versions/A/Libraries/libCoreFSCache.dylib
0x00007fff37a7b000 	/System/Library/Frameworks/CoreVideo.framework/Versions/A/CoreVideo
0x00007fff4f4f9000 	/System/Library/PrivateFrameworks/GraphVisualizer.framework/Versions/A/GraphVisualizer
0x00007fff3a620000 	/System/Library/Frameworks/MetalPerformanceShaders.framework/Versions/A/MetalPerformanceShaders
0x00007fff5b2b7000 	/usr/lib/libFosl_dynamic.dylib
0x00007fff4b0b7000 	/System/Library/PrivateFrameworks/FaceCore.framework/Versions/A/FaceCore
0x00007fff3e426000 	/System/Library/Frameworks/OpenCL.framework/Versions/A/OpenCL
0x00007fff5b92b000 	/usr/lib/libcompression.dylib
0x00007fff343fb000 	/System/Library/Frameworks/ApplicationServices.framework/Versions/A/Frameworks/ATS.framework/Versions/A/Resources/libFontParser.dylib
0x00007fff3451e000 	/System/Library/Frameworks/ApplicationServices.framework/Versions/A/Frameworks/ATS.framework/Versions/A/Resources/libFontRegistry.dylib
0x00007fff389bf000 	/System/Library/Frameworks/ImageIO.framework/Versions/A/Resources/libJPEG.dylib
0x00007fff38ce9000 	/System/Library/Frameworks/ImageIO.framework/Versions/A/Resources/libTIFF.dylib
0x00007fff38cbf000 	/System/Library/Frameworks/ImageIO.framework/Versions/A/Resources/libPng.dylib
0x00007fff388d2000 	/System/Library/Frameworks/ImageIO.framework/Versions/A/Resources/libGIF.dylib
0x00007fff388d7000 	/System/Library/Frameworks/ImageIO.framework/Versions/A/Resources/libJP2.dylib
0x00007fff38ce6000 	/System/Library/Frameworks/ImageIO.framework/Versions/A/Resources/libRadiance.dylib
0x00007fff45ca6000 	/System/Library/PrivateFrameworks/AppleJPEG.framework/Versions/A/AppleJPEG
0x00007fff512f1000 	/System/Library/PrivateFrameworks/MetalTools.framework/Versions/A/MetalTools
0x00007fff3a4f9000 	/System/Library/Frameworks/MetalPerformanceShaders.framework/Frameworks/MPSCore.framework/Versions/A/MPSCore
0x00007fff3a50f000 	/System/Library/Frameworks/MetalPerformanceShaders.framework/Frameworks/MPSImage.framework/Versions/A/MPSImage
0x00007fff3a57b000 	/System/Library/Frameworks/MetalPerformanceShaders.framework/Frameworks/MPSMatrix.framework/Versions/A/MPSMatrix
0x00007fff3a59f000 	/System/Library/Frameworks/MetalPerformanceShaders.framework/Frameworks/MPSNeuralNetwork.framework/Versions/A/MPSNeuralNetwork
0x00007fff3f7e6000 	/System/Library/Frameworks/OpenGL.framework/Versions/A/Libraries/libGLU.dylib
0x00007fff3f628000 	/System/Library/Frameworks/OpenGL.framework/Versions/A/Libraries/libGFXShared.dylib
0x00007fff3f631000 	/System/Library/Frameworks/OpenGL.framework/Versions/A/Libraries/libGL.dylib
0x00007fff3f63d000 	/System/Library/Frameworks/OpenGL.framework/Versions/A/Libraries/libGLImage.dylib
0x00007fff3f61b000 	/System/Library/Frameworks/OpenGL.framework/Versions/A/Libraries/libCVMSPluginSupport.dylib
0x00007fff3f623000 	/System/Library/Frameworks/OpenGL.framework/Versions/A/Libraries/libCoreVMClient.dylib
0x00007fff5c0d8000 	/usr/lib/libcups.2.dylib
0x00007fff39ac5000 	/System/Library/Frameworks/Kerberos.framework/Versions/A/Kerberos
0x00007fff383b6000 	/System/Library/Frameworks/GSS.framework/Versions/A/GSS
0x00007fff5d128000 	/usr/lib/libresolv.9.dylib
0x00007fff5c2d4000 	/usr/lib/libiconv.2.dylib
0x00007fff4f580000 	/System/Library/PrivateFrameworks/Heimdal.framework/Versions/A/Heimdal
0x00007fff5c2a3000 	/usr/lib/libheimdal-asn1.dylib
0x00007fff3e491000 	/System/Library/Frameworks/OpenDirectory.framework/Versions/A/OpenDirectory
0x00007fff47f5c000 	/System/Library/PrivateFrameworks/CommonAuth.framework/Versions/A/CommonAuth
0x00007fff3e474000 	/System/Library/Frameworks/OpenDirectory.framework/Versions/A/Frameworks/CFOpenDirectory.framework/Versions/A/CFOpenDirectory
0x00007fff41d8b000 	/System/Library/Frameworks/SecurityFoundation.framework/Versions/A/SecurityFoundation
0x00007fff44e92000 	/System/Library/PrivateFrameworks/APFS.framework/Versions/A/APFS
0x00007fff5d52c000 	/usr/lib/libutil.dylib
0x00007fff45d29000 	/System/Library/PrivateFrameworks/AppleSauce.framework/Versions/A/AppleSauce
0x00007fff50688000 	/System/Library/PrivateFrameworks/LinguisticData.framework/Versions/A/LinguisticData
0x00007fff5c656000 	/usr/lib/libmarisa.dylib
0x00007fff50642000 	/System/Library/PrivateFrameworks/Lexicon.framework/Versions/A/Lexicon
0x00007fff5b1e2000 	/usr/lib/libChineseTokenizer.dylib
0x00007fff5b91a000 	/usr/lib/libcmph.dylib
0x00007fff5054c000 	/System/Library/PrivateFrameworks/LanguageModeling.framework/Versions/A/LanguageModeling
0x00007fff48972000 	/System/Library/PrivateFrameworks/CoreEmoji.framework/Versions/A/CoreEmoji
0x00007fff41e47000 	/System/Library/Frameworks/ServiceManagement.framework/Versions/A/ServiceManagement
0x00007fff4653d000 	/System/Library/PrivateFrameworks/BackgroundTaskManagement.framework/Versions/A/BackgroundTaskManagement
0x00007fff5d629000 	/usr/lib/libxslt.1.dylib
0x00007fff354a3000 	/System/Library/Frameworks/Carbon.framework/Versions/A/Frameworks/Ink.framework/Versions/A/Ink
0x00007fff59515000 	/System/Library/PrivateFrameworks/TextureIO.framework/Versions/A/TextureIO
0x00007fff5b6be000 	/usr/lib/libate.dylib
0x00007fff49fe6000 	/System/Library/PrivateFrameworks/CrashReporterSupport.framework/Versions/A/CrashReporterSupport
0x00007fff56968000 	/System/Library/PrivateFrameworks/Sharing.framework/Versions/A/Sharing
0x00007fff50292000 	/System/Library/PrivateFrameworks/IconServices.framework/Versions/A/IconServices
0x00007fff54e29000 	/System/Library/PrivateFrameworks/ProtocolBuffer.framework/Versions/A/ProtocolBuffer
0x00007fff45b31000 	/System/Library/PrivateFrameworks/Apple80211.framework/Versions/A/Apple80211
0x00007fff37ab6000 	/System/Library/Frameworks/CoreWLAN.framework/Versions/A/CoreWLAN
0x00007fff49e21000 	/System/Library/PrivateFrameworks/CoreUtils.framework/Versions/A/CoreUtils
0x00007fff384f8000 	/System/Library/Frameworks/IOBluetooth.framework/Versions/A/IOBluetooth
0x00007fff49f81000 	/System/Library/PrivateFrameworks/CoreWiFi.framework/Versions/A/CoreWiFi
0x00007fff359da000 	/System/Library/Frameworks/CoreBluetooth.framework/Versions/A/CoreBluetooth
0x00007fff56aa3000 	/System/Library/PrivateFrameworks/SignpostNotification.framework/Versions/A/SignpostNotification
0x00007fff4a1d2000 	/System/Library/PrivateFrameworks/DebugSymbols.framework/Versions/A/DebugSymbols
0x00007fff49bd8000 	/System/Library/PrivateFrameworks/CoreSymbolication.framework/Versions/A/CoreSymbolication
0x00007fff58d8b000 	/System/Library/PrivateFrameworks/Symbolication.framework/Versions/A/Symbolication
0x00007fff45b5b000 	/System/Library/PrivateFrameworks/AppleFSCompression.framework/Versions/A/AppleFSCompression
0x00007fff581ec000 	/System/Library/PrivateFrameworks/SpeechRecognitionCore.framework/Versions/A/SpeechRecognitionCore
0x0000000106000000 	/Library/Java/JavaVirtualMachines/jdk-9.0.1.jdk/Contents/Home/lib/server/libjvm.dylib
0x00007fff5d423000 	/usr/lib/libstdc++.6.0.9.dylib
0x0000000104f9e000 	/Library/Java/JavaVirtualMachines/jdk-9.0.1.jdk/Contents/Home/lib/libverify.dylib
0x0000000104fab000 	/Library/Java/JavaVirtualMachines/jdk-9.0.1.jdk/Contents/Home/lib/libjava.dylib
0x0000000104fe9000 	/Library/Java/JavaVirtualMachines/jdk-9.0.1.jdk/Contents/Home/lib/libzip.dylib
0x0000000104ff1000 	/Library/Java/JavaVirtualMachines/jdk-9.0.1.jdk/Contents/Home/lib/libjimage.dylib
0x0000000106e25000 	/Library/Java/JavaVirtualMachines/jdk-9.0.1.jdk/Contents/Home/lib/libnio.dylib
0x0000000106e35000 	/Library/Java/JavaVirtualMachines/jdk-9.0.1.jdk/Contents/Home/lib/./libnet.dylib
0x000000012e3c9000 	/Library/Java/JavaVirtualMachines/jdk-9.0.1.jdk/Contents/Home/lib/libprism_es2.dylib
0x00007fff49858000 	/System/Library/PrivateFrameworks/CoreServicesInternal.framework/Versions/A/CoreServicesInternal
0x00007fff401ab000 	/System/Library/Frameworks/OpenGL.framework/Versions/A/Resources/GLEngine.bundle/GLEngine
0x00007fff3f679000 	/System/Library/Frameworks/OpenGL.framework/Versions/A/Libraries/libGLProgrammability.dylib
0x000000012e670000 	/System/Library/Extensions/AppleIntelHD3000GraphicsGLDriver.bundle/Contents/MacOS/AppleIntelHD3000GraphicsGLDriver
0x00007fff4e7a1000 	/System/Library/PrivateFrameworks/GPUSupport.framework/Versions/A/Libraries/libGPUSupport.dylib
0x000000012eb29000 	/System/Library/Extensions/AMDRadeonX3000GLDriver.bundle/Contents/MacOS/AMDRadeonX3000GLDriver
0x00007fff4e7ad000 	/System/Library/PrivateFrameworks/GPUSupport.framework/Versions/A/Libraries/libGPUSupportMercury.dylib
0x00007fff2e632000 	/System/Library/Extensions/AMDRadeonX3000GLDriver.bundle/Contents/MacOS/ATIRadeonX3000SCLib.dylib
0x00007fff40343000 	/System/Library/Frameworks/OpenGL.framework/Versions/A/Resources/GLRendererFloat.bundle/GLRendererFloat
0x00007fff3e41d000 	/System/Library/Frameworks/OpenCL.framework/Versions/A/Libraries/libcldcpuengine.dylib
0x00007fff5bda1000 	/usr/lib/libcrypto.35.dylib
0x00007fff59676000 	/System/Library/PrivateFrameworks/TrustEvaluationAgent.framework/Versions/A/TrustEvaluationAgent
0x000000012ec7d000 	/Library/Java/JavaVirtualMachines/jdk-9.0.1.jdk/Contents/Home/lib/libglass.dylib
0x00007fff2e2c5000 	/System/Library/CoreServices/RawCamera.bundle/Contents/MacOS/RawCamera
0x00007fff51362000 	/System/Library/PrivateFrameworks/MobileAsset.framework/Versions/A/MobileAsset
0x00007fff58692000 	/System/Library/PrivateFrameworks/StreamingZip.framework/Versions/A/StreamingZip
0x00007fff39e40000 	/System/Library/Frameworks/MediaToolbox.framework/Versions/A/MediaToolbox
0x00007fff485d7000 	/System/Library/PrivateFrameworks/CoreAVCHD.framework/Versions/A/CoreAVCHD
0x00007fff39d96000 	/System/Library/Frameworks/MediaAccessibility.framework/Versions/A/MediaAccessibility
0x00007fff50eb3000 	/System/Library/PrivateFrameworks/Mangrove.framework/Versions/A/Mangrove
0x00007fff36e7a000 	/System/Library/Frameworks/CoreMedia.framework/Versions/A/CoreMedia
0x00007fff42414000 	/System/Library/Frameworks/VideoToolbox.framework/Versions/A/VideoToolbox
0x00007fff481f6000 	/System/Library/PrivateFrameworks/CoreAUC.framework/Versions/A/CoreAUC
0x00007fff5d192000 	/usr/lib/libspindump.dylib
0x00007fff5c1b0000 	/usr/lib/libdscsym.dylib
0x00007fff45e1e000 	/System/Library/PrivateFrameworks/AppleVA.framework/Versions/A/AppleVA
0x00007fff32185000 	/System/Library/Frameworks/Accelerate.framework/Versions/A/Frameworks/vImage.framework/Versions/A/Libraries/libCGInterfaces.dylib
0x0000000132d33000 	/Users/jlarson/Vision/opencv/build/lib/libopencv_java341.dylib
0x0000000136dc8000 	/usr/local/opt/ffmpeg/lib/libavcodec.57.dylib
0x0000000138058000 	/usr/local/opt/ffmpeg/lib/libavformat.57.dylib
0x0000000130d4e000 	/usr/local/opt/ffmpeg/lib/libavutil.55.dylib
0x000000013820a000 	/usr/local/opt/ffmpeg/lib/libswscale.4.dylib
0x0000000130db7000 	/usr/local/opt/ffmpeg/lib/libavresample.3.dylib
0x00007fff42413000 	/System/Library/Frameworks/VideoDecodeAcceleration.framework/Versions/A/VideoDecodeAcceleration
0x00007fff31de8000 	/System/Library/Frameworks/AVFoundation.framework/Versions/A/AVFoundation
0x0000000138289000 	/usr/local/Cellar/ffmpeg/3.4.2/lib/libswresample.2.dylib
0x00000001382a9000 	/usr/local/opt/x264/lib/libx264.152.dylib
0x000000013841f000 	/usr/local/opt/lame/lib/libmp3lame.0.dylib
0x00007fff31fc4000 	/System/Library/Frameworks/AVFoundation.framework/Versions/A/Frameworks/AVFAudio.framework/Versions/A/AVFAudio
0x00007fff50432000 	/System/Library/PrivateFrameworks/IntlPreferences.framework/Versions/A/IntlPreferences
0x00007fff36f5c000 	/System/Library/Frameworks/CoreMediaIO.framework/Versions/A/CoreMediaIO
0x00007fff5501c000 	/System/Library/PrivateFrameworks/RemoteServiceDiscovery.framework/Versions/A/RemoteServiceDiscovery
0x00007fff5504c000 	/System/Library/PrivateFrameworks/RemoteXPC.framework/Versions/A/RemoteXPC
0x00007fff3518e000 	/System/Library/Frameworks/Carbon.framework/Versions/A/Carbon
0x00007fff503c1000 	/System/Library/PrivateFrameworks/InternationalSupport.framework/Versions/A/InternationalSupport
0x00007fff3518f000 	/System/Library/Frameworks/Carbon.framework/Versions/A/Frameworks/CommonPanels.framework/Versions/A/CommonPanels
0x00007fff35499000 	/System/Library/Frameworks/Carbon.framework/Versions/A/Frameworks/Help.framework/Versions/A/Help
0x00007fff3549d000 	/System/Library/Frameworks/Carbon.framework/Versions/A/Frameworks/ImageCapture.framework/Versions/A/ImageCapture
0x00007fff35539000 	/System/Library/Frameworks/Carbon.framework/Versions/A/Frameworks/OpenScripting.framework/Versions/A/OpenScripting
0x00007fff35574000 	/System/Library/Frameworks/Carbon.framework/Versions/A/Frameworks/Print.framework/Versions/A/Print
0x00007fff35576000 	/System/Library/Frameworks/Carbon.framework/Versions/A/Frameworks/SecurityHI.framework/Versions/A/SecurityHI
0x0000000130dd8000 	/System/Library/Extensions/AppleHDA.kext/Contents/PlugIns/AppleHDAHALPlugIn.bundle/Contents/MacOS/AppleHDAHALPlugIn
0x00000001388ec000 	/System/Library/Frameworks/CoreMediaIO.framework/Resources/VDC.plugin/Contents/MacOS/VDC
0x0000000138527000 	/System/Library/Frameworks/CoreMediaIO.framework/Resources/CMIOUnits.bundle/Contents/MacOS/CMIOUnits
0x00007fff4b08c000 	/System/Library/PrivateFrameworks/FWAVC.framework/Versions/A/FWAVC
0x000000013848d000 	/Library/Java/JavaVirtualMachines/jdk-9.0.1.jdk/Contents/Home/lib/libjavafx_font.dylib
0x00000001386ba000 	/Library/Java/JavaVirtualMachines/jdk-9.0.1.jdk/Contents/Home/lib/libawt.dylib
0x000000013875f000 	/Library/Java/JavaVirtualMachines/jdk-9.0.1.jdk/Contents/Home/lib/./libmlib_image.dylib
0x00007fff39aae000 	/System/Library/Frameworks/JavaVM.framework/Versions/A/Frameworks/JavaNativeFoundation.framework/Versions/A/JavaNativeFoundation
0x00007fff39ab7000 	/System/Library/Frameworks/JavaVM.framework/Versions/A/Frameworks/JavaRuntimeSupport.framework/Versions/A/JavaRuntimeSupport
0x00007fff39ac0000 	/System/Library/Frameworks/JavaVM.framework/Versions/A/JavaVM
0x00007fff5044f000 	/System/Library/PrivateFrameworks/JavaLaunching.framework/Versions/A/JavaLaunching
0x000000013882c000 	/Library/Java/JavaVirtualMachines/jdk-9.0.1.jdk/Contents/Home/lib/libawt_lwawt.dylib
0x0000000138497000 	/Library/Java/JavaVirtualMachines/jdk-9.0.1.jdk/Contents/Home/lib/./libosxapp.dylib
0x00007fff37f5a000 	/System/Library/Frameworks/ExceptionHandling.framework/Versions/A/ExceptionHandling
0x000000013891e000 	/Library/Java/JavaVirtualMachines/jdk-9.0.1.jdk/Contents/Home/lib/libfontmanager.dylib
0x00007fff45b6b000 	/System/Library/PrivateFrameworks/AppleGVA.framework/Versions/A/AppleGVA
0x00007fff3460d000 	/System/Library/Frameworks/ApplicationServices.framework/Versions/A/Frameworks/ATS.framework/Versions/A/Resources/libTrueTypeScaler.dylib
0x000000012e25e000 	/Library/Java/JavaVirtualMachines/jdk-9.0.1.jdk/Contents/Home/lib/libprism_common.dylib
0x00007fff5a4f5000 	/System/Library/PrivateFrameworks/ViewBridge.framework/Versions/A/ViewBridge

VM Arguments:
jvm_args: -Djava.library.path=/Users/jlarson/Vision/opencv/build/lib -Dfile.encoding=UTF-8 
java_command: application.ObjRecognition
java_class_path (initial): /Users/jlarson/eclipse-workspace/OpenCVTutorial/bin:/Users/jlarson/Desktop/opencv-341.jar:/Users/jlarson/iCloud Drive (Archive)/Desktop/Eclipse.app/Contents/Eclipse/plugins/org.eclipse.fx.ide.css.jfx8_3.0.0.201705220750.jar
Launcher Type: SUN_STANDARD

Logging:
Log output configuration:
#0: stdout all=warning uptime,level,tags
#1: stderr all=off uptime,level,tags

Environment Variables:
PATH=/usr/bin:/bin:/usr/sbin:/sbin
SHELL=/bin/zsh

Signal Handlers:
SIGSEGV: [libjvm.dylib+0x73e2dc], sa_mask[0]=11111111011111110111111111111111, sa_flags=SA_ONSTACK|SA_RESTART|SA_SIGINFO
SIGBUS: [libjvm.dylib+0x73e2dc], sa_mask[0]=11111111011111110111111111111111, sa_flags=SA_RESTART|SA_SIGINFO
SIGFPE: [libjvm.dylib+0x73e2dc], sa_mask[0]=11111111011111110111111111111111, sa_flags=SA_RESTART|SA_SIGINFO
SIGPIPE: [libjvm.dylib+0x5f15ac], sa_mask[0]=11111111011111110111111111111111, sa_flags=SA_RESTART|SA_SIGINFO
SIGXFSZ: [libjvm.dylib+0x5f15ac], sa_mask[0]=11111111011111110111111111111111, sa_flags=SA_RESTART|SA_SIGINFO
SIGILL: [libjvm.dylib+0x73e2dc], sa_mask[0]=11111111011111110111111111111111, sa_flags=SA_RESTART|SA_SIGINFO
SIGUSR2: [libjvm.dylib+0x5f1e3c], sa_mask[0]=00100000000000000000000000000000, sa_flags=SA_RESTART|SA_SIGINFO
SIGHUP: [libjvm.dylib+0x5f0679], sa_mask[0]=11111111011111110111111111111111, sa_flags=SA_RESTART|SA_SIGINFO
SIGINT: [libjvm.dylib+0x5f0679], sa_mask[0]=11111111011111110111111111111111, sa_flags=SA_RESTART|SA_SIGINFO
SIGTERM: [libjvm.dylib+0x5f0679], sa_mask[0]=11111111011111110111111111111111, sa_flags=SA_RESTART|SA_SIGINFO
SIGQUIT: [libjvm.dylib+0x5f0679], sa_mask[0]=11111111011111110111111111111111, sa_flags=SA_RESTART|SA_SIGINFO


---------------  S Y S T E M  ---------------

OS:uname:Darwin 17.4.0 Darwin Kernel Version 17.4.0: Sun Dec 17 09:19:54 PST 2017; root:xnu-4570.41.2~1/RELEASE_X86_64 x86_64
rlimit: STACK 8192k, CORE 0k, NPROC 1418, NOFILE 10240, AS infinity
load average:3.85 20.56 13.89

CPU:total 8 (initial active 8) (4 cores per cpu, 2 threads per core) family 6 model 42 stepping 7, cmov, cx8, fxsr, mmx, sse, sse2, sse3, ssse3, sse4.1, sse4.2, popcnt, avx, aes, clmul, ht, tsc, tscinvbit

Memory: 4k page, physical 16777216k(378684k free)

vm_info: Java HotSpot(TM) 64-Bit Server VM (9.0.1+11) for bsd-amd64 JRE (9.0.1+11), built on Sep 28 2017 03:49:57 by "mach5one" with gcc 4.2.1 Compatible Apple LLVM 6.1.0 (clang-602.0.49)

END.
